Analysis & Synthesis report for Pruebas
Thu Jun 24 17:51:12 2021
Quartus Prime Version 20.1.1 Build 720 11/11/2020 SJ Lite Edition


---------------------
; Table of Contents ;
---------------------
  1. Legal Notice
  2. Analysis & Synthesis Summary
  3. Analysis & Synthesis Settings
  4. Parallel Compilation
  5. Analysis & Synthesis Source Files Read
  6. Analysis & Synthesis Resource Usage Summary
  7. Analysis & Synthesis Resource Utilization by Entity
  8. State Machine - |Pruebas|TOP:Top|UART_rs232_rx:I_RS232RX|State
  9. Registers Removed During Synthesis
 10. General Register Statistics
 11. Inverted Register Statistics
 12. Multiplexer Restructuring Statistics (Restructuring Performed)
 13. Parameter Settings for User Entity Instance: TOP:Top|UART_rs232_rx:I_RS232RX
 14. Parameter Settings for User Entity Instance: TOP:Top|UART_rs232_tx:I_RS232TX
 15. Port Connectivity Checks: "TOP:Top|UART_BaudRate_generator:I_BAUDGEN"
 16. Port Connectivity Checks: "TOP:Top|UART_rs232_rx:I_RS232RX"
 17. Post-Synthesis Netlist Statistics for Top Partition
 18. Elapsed Time Per Partition
 19. Analysis & Synthesis Messages
 20. Analysis & Synthesis Suppressed Messages



----------------
; Legal Notice ;
----------------
Copyright (C) 2020  Intel Corporation. All rights reserved.
Your use of Intel Corporation's design tools, logic functions 
and other software and tools, and any partner logic 
functions, and any output files from any of the foregoing 
(including device programming or simulation files), and any 
associated documentation or information are expressly subject 
to the terms and conditions of the Intel Program License 
Subscription Agreement, the Intel Quartus Prime License Agreement,
the Intel FPGA IP License Agreement, or other applicable license
agreement, including, without limitation, that your use is for
the sole purpose of programming logic devices manufactured by
Intel and sold by Intel or its authorized distributors.  Please
refer to the applicable agreement for further details, at
https://fpgasoftware.intel.com/eula.



+----------------------------------------------------------------------------------+
; Analysis & Synthesis Summary                                                     ;
+------------------------------------+---------------------------------------------+
; Analysis & Synthesis Status        ; Successful - Thu Jun 24 17:51:12 2021       ;
; Quartus Prime Version              ; 20.1.1 Build 720 11/11/2020 SJ Lite Edition ;
; Revision Name                      ; Pruebas                                     ;
; Top-level Entity Name              ; Pruebas                                     ;
; Family                             ; Cyclone 10 LP                               ;
; Total logic elements               ; 178                                         ;
;     Total combinational functions  ; 160                                         ;
;     Dedicated logic registers      ; 128                                         ;
; Total registers                    ; 128                                         ;
; Total pins                         ; 4                                           ;
; Total virtual pins                 ; 0                                           ;
; Total memory bits                  ; 0                                           ;
; Embedded Multiplier 9-bit elements ; 0                                           ;
; Total PLLs                         ; 0                                           ;
+------------------------------------+---------------------------------------------+


+---------------------------------------------------------------------------------------------------------+
; Analysis & Synthesis Settings                                                                           ;
+------------------------------------------------------------------+-----------------+--------------------+
; Option                                                           ; Setting         ; Default Value      ;
+------------------------------------------------------------------+-----------------+--------------------+
; Device                                                           ; 10CL025YU256I7G ;                    ;
; Top-level entity name                                            ; Pruebas         ; Pruebas            ;
; Family name                                                      ; Cyclone 10 LP   ; Cyclone V          ;
; Power Optimization During Synthesis                              ; Extra effort    ; Normal compilation ;
; Use smart compilation                                            ; Off             ; Off                ;
; Enable parallel Assembler and Timing Analyzer during compilation ; On              ; On                 ;
; Enable compact report table                                      ; Off             ; Off                ;
; Restructure Multiplexers                                         ; Auto            ; Auto               ;
; Create Debugging Nodes for IP Cores                              ; Off             ; Off                ;
; Preserve fewer node names                                        ; On              ; On                 ;
; Intel FPGA IP Evaluation Mode                                    ; Enable          ; Enable             ;
; Verilog Version                                                  ; Verilog_2001    ; Verilog_2001       ;
; VHDL Version                                                     ; VHDL_1993       ; VHDL_1993          ;
; State Machine Processing                                         ; Auto            ; Auto               ;
; Safe State Machine                                               ; Off             ; Off                ;
; Extract Verilog State Machines                                   ; On              ; On                 ;
; Extract VHDL State Machines                                      ; On              ; On                 ;
; Ignore Verilog initial constructs                                ; Off             ; Off                ;
; Iteration limit for constant Verilog loops                       ; 5000            ; 5000               ;
; Iteration limit for non-constant Verilog loops                   ; 250             ; 250                ;
; Add Pass-Through Logic to Inferred RAMs                          ; On              ; On                 ;
; Infer RAMs from Raw Logic                                        ; On              ; On                 ;
; Parallel Synthesis                                               ; On              ; On                 ;
; DSP Block Balancing                                              ; Auto            ; Auto               ;
; NOT Gate Push-Back                                               ; On              ; On                 ;
; Power-Up Don't Care                                              ; On              ; On                 ;
; Remove Redundant Logic Cells                                     ; Off             ; Off                ;
; Remove Duplicate Registers                                       ; On              ; On                 ;
; Ignore CARRY Buffers                                             ; Off             ; Off                ;
; Ignore CASCADE Buffers                                           ; Off             ; Off                ;
; Ignore GLOBAL Buffers                                            ; Off             ; Off                ;
; Ignore ROW GLOBAL Buffers                                        ; Off             ; Off                ;
; Ignore LCELL Buffers                                             ; Off             ; Off                ;
; Ignore SOFT Buffers                                              ; On              ; On                 ;
; Limit AHDL Integers to 32 Bits                                   ; Off             ; Off                ;
; Optimization Technique                                           ; Balanced        ; Balanced           ;
; Carry Chain Length                                               ; 70              ; 70                 ;
; Auto Carry Chains                                                ; On              ; On                 ;
; Auto Open-Drain Pins                                             ; On              ; On                 ;
; Perform WYSIWYG Primitive Resynthesis                            ; Off             ; Off                ;
; Auto ROM Replacement                                             ; On              ; On                 ;
; Auto RAM Replacement                                             ; On              ; On                 ;
; Auto DSP Block Replacement                                       ; On              ; On                 ;
; Auto Shift Register Replacement                                  ; Auto            ; Auto               ;
; Allow Shift Register Merging across Hierarchies                  ; Auto            ; Auto               ;
; Auto Clock Enable Replacement                                    ; On              ; On                 ;
; Strict RAM Replacement                                           ; Off             ; Off                ;
; Allow Synchronous Control Signals                                ; On              ; On                 ;
; Force Use of Synchronous Clear Signals                           ; Off             ; Off                ;
; Auto RAM Block Balancing                                         ; On              ; On                 ;
; Auto RAM to Logic Cell Conversion                                ; Off             ; Off                ;
; Auto Resource Sharing                                            ; Off             ; Off                ;
; Allow Any RAM Size For Recognition                               ; Off             ; Off                ;
; Allow Any ROM Size For Recognition                               ; Off             ; Off                ;
; Allow Any Shift Register Size For Recognition                    ; Off             ; Off                ;
; Use LogicLock Constraints during Resource Balancing              ; On              ; On                 ;
; Ignore translate_off and synthesis_off directives                ; Off             ; Off                ;
; Timing-Driven Synthesis                                          ; On              ; On                 ;
; Report Parameter Settings                                        ; On              ; On                 ;
; Report Source Assignments                                        ; On              ; On                 ;
; Report Connectivity Checks                                       ; On              ; On                 ;
; Ignore Maximum Fan-Out Assignments                               ; Off             ; Off                ;
; Synchronization Register Chain Length                            ; 2               ; 2                  ;
; HDL message level                                                ; Level2          ; Level2             ;
; Suppress Register Optimization Related Messages                  ; Off             ; Off                ;
; Number of Removed Registers Reported in Synthesis Report         ; 5000            ; 5000               ;
; Number of Swept Nodes Reported in Synthesis Report               ; 5000            ; 5000               ;
; Number of Inverted Registers Reported in Synthesis Report        ; 100             ; 100                ;
; Clock MUX Protection                                             ; On              ; On                 ;
; Auto Gated Clock Conversion                                      ; Off             ; Off                ;
; Block Design Naming                                              ; Auto            ; Auto               ;
; SDC constraint protection                                        ; Off             ; Off                ;
; Synthesis Effort                                                 ; Auto            ; Auto               ;
; Shift Register Replacement - Allow Asynchronous Clear Signal     ; On              ; On                 ;
; Pre-Mapping Resynthesis Optimization                             ; Off             ; Off                ;
; Analysis & Synthesis Message Level                               ; Medium          ; Medium             ;
; Disable Register Merging Across Hierarchies                      ; Auto            ; Auto               ;
; Resource Aware Inference For Block RAM                           ; On              ; On                 ;
+------------------------------------------------------------------+-----------------+--------------------+


+------------------------------------------+
; Parallel Compilation                     ;
+----------------------------+-------------+
; Processors                 ; Number      ;
+----------------------------+-------------+
; Number detected on machine ; 16          ;
; Maximum allowed            ; 16          ;
;                            ;             ;
; Average used               ; 1.02        ;
; Maximum used               ; 16          ;
;                            ;             ;
; Usage by Processor         ; % Time Used ;
;     Processor 1            ; 100.0%      ;
;     Processors 2-16        ;   0.1%      ;
+----------------------------+-------------+


+------------------------------------------------------------------------------------------------------------------------------------------------------------------------------------+
; Analysis & Synthesis Source Files Read                                                                                                                                             ;
+----------------------------------+-----------------+------------------------+--------------------------------------------------------------------------------------------+---------+
; File Name with User-Entered Path ; Used in Netlist ; File Type              ; File Name with Absolute Path                                                               ; Library ;
+----------------------------------+-----------------+------------------------+--------------------------------------------------------------------------------------------+---------+
; UART_tx.v                        ; yes             ; User Verilog HDL File  ; A:/Github/Grupo-5-proyecto/Hardware/Uart/Documentacion - Externa/UART_tx.v                 ;         ;
; UART_rx.v                        ; yes             ; User Verilog HDL File  ; A:/Github/Grupo-5-proyecto/Hardware/Uart/Documentacion - Externa/UART_rx.v                 ;         ;
; UART_baudrate_generator.v        ; yes             ; User Verilog HDL File  ; A:/Github/Grupo-5-proyecto/Hardware/Uart/Documentacion - Externa/UART_baudrate_generator.v ;         ;
; TOP.v                            ; yes             ; User Verilog HDL File  ; A:/Github/Grupo-5-proyecto/Hardware/Uart/Documentacion - Externa/TOP.v                     ;         ;
; Pruebas.v                        ; yes             ; User Verilog HDL File  ; A:/Github/Grupo-5-proyecto/Hardware/Uart/Documentacion - Externa/Pruebas.v                 ;         ;
+----------------------------------+-----------------+------------------------+--------------------------------------------------------------------------------------------+---------+


+-----------------------------------------------------------+
; Analysis & Synthesis Resource Usage Summary               ;
+---------------------------------------------+-------------+
; Resource                                    ; Usage       ;
+---------------------------------------------+-------------+
; Estimated Total logic elements              ; 178         ;
;                                             ;             ;
; Total combinational functions               ; 160         ;
; Logic element usage by number of LUT inputs ;             ;
;     -- 4 input functions                    ; 44          ;
;     -- 3 input functions                    ; 33          ;
;     -- <=2 input functions                  ; 83          ;
;                                             ;             ;
; Logic elements by mode                      ;             ;
;     -- normal mode                          ; 81          ;
;     -- arithmetic mode                      ; 79          ;
;                                             ;             ;
; Total registers                             ; 128         ;
;     -- Dedicated logic registers            ; 128         ;
;     -- I/O registers                        ; 0           ;
;                                             ;             ;
; I/O pins                                    ; 4           ;
;                                             ;             ;
; Embedded Multiplier 9-bit elements          ; 0           ;
;                                             ;             ;
; Maximum fan-out node                        ; Clock~input ;
; Maximum fan-out                             ; 88          ;
; Total fan-out                               ; 774         ;
; Average fan-out                             ; 2.61        ;
+---------------------------------------------+-------------+


+--------------------------------------------------------------------------------------------------------------------------------------------------------------------------------------------------------------------------------------------------------------------+
; Analysis & Synthesis Resource Utilization by Entity                                                                                                                                                                                                                ;
+-------------------------------------------+---------------------+---------------------------+-------------+--------------+---------+-----------+------+--------------+----------------------------------------------------+-------------------------+--------------+
; Compilation Hierarchy Node                ; Combinational ALUTs ; Dedicated Logic Registers ; Memory Bits ; DSP Elements ; DSP 9x9 ; DSP 18x18 ; Pins ; Virtual Pins ; Full Hierarchy Name                                ; Entity Name             ; Library Name ;
+-------------------------------------------+---------------------+---------------------------+-------------+--------------+---------+-----------+------+--------------+----------------------------------------------------+-------------------------+--------------+
; |Pruebas                                  ; 160 (78)            ; 128 (60)                  ; 0           ; 0            ; 0       ; 0         ; 4    ; 0            ; |Pruebas                                           ; Pruebas                 ; work         ;
;    |TOP:Top|                              ; 82 (0)              ; 68 (0)                    ; 0           ; 0            ; 0       ; 0         ; 0    ; 0            ; |Pruebas|TOP:Top                                   ; TOP                     ; work         ;
;       |UART_BaudRate_generator:I_BAUDGEN| ; 22 (22)             ; 16 (16)                   ; 0           ; 0            ; 0       ; 0         ; 0    ; 0            ; |Pruebas|TOP:Top|UART_BaudRate_generator:I_BAUDGEN ; UART_BaudRate_generator ; work         ;
;       |UART_rs232_rx:I_RS232RX|           ; 23 (23)             ; 28 (28)                   ; 0           ; 0            ; 0       ; 0         ; 0    ; 0            ; |Pruebas|TOP:Top|UART_rs232_rx:I_RS232RX           ; UART_rs232_rx           ; work         ;
;       |UART_rs232_tx:I_RS232TX|           ; 37 (37)             ; 24 (24)                   ; 0           ; 0            ; 0       ; 0         ; 0    ; 0            ; |Pruebas|TOP:Top|UART_rs232_tx:I_RS232TX           ; UART_rs232_tx           ; work         ;
+-------------------------------------------+---------------------+---------------------------+-------------+--------------+---------+-----------+------+--------------+----------------------------------------------------+-------------------------+--------------+
Note: For table entries with two numbers listed, the numbers in parentheses indicate the number of resources of the given type used by the specific entity alone. The numbers listed outside of parentheses indicate the total resources of the given type used by the specific entity and all of its sub-entities in the hierarchy.


Encoding Type:  One-Hot
+----------------------------------------------------------------+
; State Machine - |Pruebas|TOP:Top|UART_rs232_rx:I_RS232RX|State ;
+------------+---------------------------------------------------+
; Name       ; State.READ                                        ;
+------------+---------------------------------------------------+
; State.IDLE ; 0                                                 ;
; State.READ ; 1                                                 ;
+------------+---------------------------------------------------+


+--------------------------------------------------------------+
; Registers Removed During Synthesis                           ;
+-----------------------------------------+--------------------+
; Register name                           ; Reason for Removal ;
+-----------------------------------------+--------------------+
; TOP:Top|UART_rs232_rx:I_RS232RX|State~5 ; Lost fanout        ;
; Total Number of Removed Registers = 1   ;                    ;
+-----------------------------------------+--------------------+


+------------------------------------------------------+
; General Register Statistics                          ;
+----------------------------------------------+-------+
; Statistic                                    ; Value ;
+----------------------------------------------+-------+
; Total registers                              ; 128   ;
; Number of registers using Synchronous Clear  ; 17    ;
; Number of registers using Synchronous Load   ; 1     ;
; Number of registers using Asynchronous Clear ; 20    ;
; Number of registers using Asynchronous Load  ; 0     ;
; Number of registers using Clock Enable       ; 42    ;
; Number of registers using Preset             ; 0     ;
+----------------------------------------------+-------+


+--------------------------------------------------------------------+
; Inverted Register Statistics                                       ;
+----------------------------------------------------------+---------+
; Inverted Register                                        ; Fan out ;
+----------------------------------------------------------+---------+
; TOP:Top|UART_rs232_tx:I_RS232TX|start_bit                ; 5       ;
; TOP:Top|UART_BaudRate_generator:I_BAUDGEN|baudRateReg[0] ; 2       ;
; TOP:Top|UART_rs232_rx:I_RS232RX|start_bit                ; 4       ;
; TxData[5]                                                ; 1       ;
; Total number of inverted registers = 4                   ;         ;
+----------------------------------------------------------+---------+


+-------------------------------------------------------------------------------------------------------------------------------------------------------------------+
; Multiplexer Restructuring Statistics (Restructuring Performed)                                                                                                    ;
+--------------------+-----------+---------------+----------------------+------------------------+------------+-----------------------------------------------------+
; Multiplexer Inputs ; Bus Width ; Baseline Area ; Area if Restructured ; Saving if Restructured ; Registered ; Example Multiplexer Output                          ;
+--------------------+-----------+---------------+----------------------+------------------------+------------+-----------------------------------------------------+
; 3:1                ; 7 bits    ; 14 LEs        ; 7 LEs                ; 7 LEs                  ; Yes        ; |Pruebas|TOP:Top|UART_rs232_tx:I_RS232TX|in_data[5] ;
; 3:1                ; 5 bits    ; 10 LEs        ; 5 LEs                ; 5 LEs                  ; Yes        ; |Pruebas|TOP:Top|UART_rs232_tx:I_RS232TX|Bit[2]     ;
; 3:1                ; 5 bits    ; 10 LEs        ; 5 LEs                ; 5 LEs                  ; Yes        ; |Pruebas|TOP:Top|UART_rs232_rx:I_RS232RX|Bit[4]     ;
; 4:1                ; 4 bits    ; 8 LEs         ; 4 LEs                ; 4 LEs                  ; Yes        ; |Pruebas|TOP:Top|UART_rs232_tx:I_RS232TX|counter[1] ;
; 4:1                ; 4 bits    ; 8 LEs         ; 4 LEs                ; 4 LEs                  ; Yes        ; |Pruebas|TOP:Top|UART_rs232_rx:I_RS232RX|counter[3] ;
+--------------------+-----------+---------------+----------------------+------------------------+------------+-----------------------------------------------------+


+------------------------------------------------------------------------------+
; Parameter Settings for User Entity Instance: TOP:Top|UART_rs232_rx:I_RS232RX ;
+----------------+-------+-----------------------------------------------------+
; Parameter Name ; Value ; Type                                                ;
+----------------+-------+-----------------------------------------------------+
; IDLE           ; 0     ; Unsigned Binary                                     ;
; READ           ; 1     ; Unsigned Binary                                     ;
+----------------+-------+-----------------------------------------------------+
Note: In order to hide this table in the UI and the text report file, please set the "Show Parameter Settings in Synthesis Report" option in "Analysis and Synthesis Settings -> More Settings" to "Off".


+------------------------------------------------------------------------------+
; Parameter Settings for User Entity Instance: TOP:Top|UART_rs232_tx:I_RS232TX ;
+----------------+-------+-----------------------------------------------------+
; Parameter Name ; Value ; Type                                                ;
+----------------+-------+-----------------------------------------------------+
; IDLE           ; 0     ; Unsigned Binary                                     ;
; WRITE          ; 1     ; Unsigned Binary                                     ;
+----------------+-------+-----------------------------------------------------+
Note: In order to hide this table in the UI and the text report file, please set the "Show Parameter Settings in Synthesis Report" option in "Analysis and Synthesis Settings -> More Settings" to "Off".


+-----------------------------------------------------------------------+
; Port Connectivity Checks: "TOP:Top|UART_BaudRate_generator:I_BAUDGEN" ;
+-----------------+-------+----------+----------------------------------+
; Port            ; Type  ; Severity ; Details                          ;
+-----------------+-------+----------+----------------------------------+
; BaudRate[15..9] ; Input ; Info     ; Stuck at GND                     ;
; BaudRate[5..3]  ; Input ; Info     ; Stuck at GND                     ;
; BaudRate[8]     ; Input ; Info     ; Stuck at VCC                     ;
; BaudRate[7]     ; Input ; Info     ; Stuck at GND                     ;
; BaudRate[6]     ; Input ; Info     ; Stuck at VCC                     ;
; BaudRate[2]     ; Input ; Info     ; Stuck at VCC                     ;
; BaudRate[1]     ; Input ; Info     ; Stuck at GND                     ;
; BaudRate[0]     ; Input ; Info     ; Stuck at VCC                     ;
+-----------------+-------+----------+----------------------------------+


+-------------------------------------------------------------+
; Port Connectivity Checks: "TOP:Top|UART_rs232_rx:I_RS232RX" ;
+------+-------+----------+-----------------------------------+
; Port ; Type  ; Severity ; Details                           ;
+------+-------+----------+-----------------------------------+
; RxEn ; Input ; Info     ; Stuck at VCC                      ;
+------+-------+----------+-----------------------------------+


+-----------------------------------------------------+
; Post-Synthesis Netlist Statistics for Top Partition ;
+-----------------------+-----------------------------+
; Type                  ; Count                       ;
+-----------------------+-----------------------------+
; boundary_port         ; 4                           ;
; cycloneiii_ff         ; 128                         ;
;     CLR               ; 4                           ;
;     CLR SCLR          ; 15                          ;
;     CLR SLD           ; 1                           ;
;     ENA               ; 42                          ;
;     SCLR              ; 2                           ;
;     plain             ; 64                          ;
; cycloneiii_lcell_comb ; 160                         ;
;     arith             ; 79                          ;
;         2 data inputs ; 65                          ;
;         3 data inputs ; 14                          ;
;     normal            ; 81                          ;
;         1 data inputs ; 9                           ;
;         2 data inputs ; 9                           ;
;         3 data inputs ; 19                          ;
;         4 data inputs ; 44                          ;
;                       ;                             ;
; Max LUT depth         ; 8.30                        ;
; Average LUT depth     ; 4.63                        ;
+-----------------------+-----------------------------+


+-------------------------------+
; Elapsed Time Per Partition    ;
+----------------+--------------+
; Partition Name ; Elapsed Time ;
+----------------+--------------+
; Top            ; 00:00:00     ;
+----------------+--------------+


+-------------------------------+
; Analysis & Synthesis Messages ;
+-------------------------------+
Info: *******************************************************************
Info: Running Quartus Prime Analysis & Synthesis
    Info: Version 20.1.1 Build 720 11/11/2020 SJ Lite Edition
    Info: Processing started: Thu Jun 24 17:51:06 2021
Info: Command: quartus_map --read_settings_files=on --write_settings_files=off Pruebas -c Pruebas
Info (16303): Aggressive Power optimization mode selected -- dynamic power will be prioritized at the potential cost of reduced timing performance and increased compilation time
Warning (18236): Number of processors has not been specified which may cause overloading on shared machines.  Set the global assignment NUM_PARALLEL_PROCESSORS in your QSF to an appropriate value for best performance.
Info (20030): Parallel compilation is enabled and will use 16 of the 16 processors detected
Info (12021): Found 1 design units, including 1 entities, in source file uart_tx.v
    Info (12023): Found entity 1: UART_rs232_tx File: A:/Github/Grupo-5-proyecto/Hardware/Uart/Documentacion - Externa/UART_tx.v Line: 1
Info (12021): Found 1 design units, including 1 entities, in source file uart_rx.v
    Info (12023): Found entity 1: UART_rs232_rx File: A:/Github/Grupo-5-proyecto/Hardware/Uart/Documentacion - Externa/UART_rx.v Line: 1
Info (12021): Found 1 design units, including 1 entities, in source file uart_baudrate_generator.v
    Info (12023): Found entity 1: UART_BaudRate_generator File: A:/Github/Grupo-5-proyecto/Hardware/Uart/Documentacion - Externa/UART_baudrate_generator.v Line: 8
Info (12021): Found 1 design units, including 1 entities, in source file top.v
    Info (12023): Found entity 1: TOP File: A:/Github/Grupo-5-proyecto/Hardware/Uart/Documentacion - Externa/TOP.v Line: 1
Info (12021): Found 1 design units, including 1 entities, in source file pruebas.v
    Info (12023): Found entity 1: Pruebas File: A:/Github/Grupo-5-proyecto/Hardware/Uart/Documentacion - Externa/Pruebas.v Line: 1
Info (12127): Elaborating entity "Pruebas" for the top level hierarchy
Info (12128): Elaborating entity "TOP" for hierarchy "TOP:Top" File: A:/Github/Grupo-5-proyecto/Hardware/Uart/Documentacion - Externa/Pruebas.v Line: 18
Info (12128): Elaborating entity "UART_rs232_rx" for hierarchy "TOP:Top|UART_rs232_rx:I_RS232RX" File: A:/Github/Grupo-5-proyecto/Hardware/Uart/Documentacion - Externa/TOP.v Line: 47
Warning (10230): Verilog HDL assignment warning at UART_rx.v(99): truncated value with size 32 to match size of target (4) File: A:/Github/Grupo-5-proyecto/Hardware/Uart/Documentacion - Externa/UART_rx.v Line: 99
Warning (10230): Verilog HDL assignment warning at UART_rx.v(110): truncated value with size 32 to match size of target (5) File: A:/Github/Grupo-5-proyecto/Hardware/Uart/Documentacion - Externa/UART_rx.v Line: 110
Info (12128): Elaborating entity "UART_rs232_tx" for hierarchy "TOP:Top|UART_rs232_tx:I_RS232TX" File: A:/Github/Grupo-5-proyecto/Hardware/Uart/Documentacion - Externa/TOP.v Line: 59
Warning (10230): Verilog HDL assignment warning at UART_tx.v(104): truncated value with size 32 to match size of target (4) File: A:/Github/Grupo-5-proyecto/Hardware/Uart/Documentacion - Externa/UART_tx.v Line: 104
Warning (10230): Verilog HDL assignment warning at UART_tx.v(124): truncated value with size 32 to match size of target (5) File: A:/Github/Grupo-5-proyecto/Hardware/Uart/Documentacion - Externa/UART_tx.v Line: 124
Info (12128): Elaborating entity "UART_BaudRate_generator" for hierarchy "TOP:Top|UART_BaudRate_generator:I_BAUDGEN" File: A:/Github/Grupo-5-proyecto/Hardware/Uart/Documentacion - Externa/TOP.v Line: 67
Info (13000): Registers with preset signals will power-up high File: A:/Github/Grupo-5-proyecto/Hardware/Uart/Documentacion - Externa/UART_baudrate_generator.v Line: 24
Info (13003): DEV_CLRn pin will set, and not reset, register with preset signal due to NOT Gate Push-Back
Info (286030): Timing-Driven Synthesis is running
Info (17049): 1 registers lost all their fanouts during netlist optimizations.
Info (144001): Generated suppressed messages file A:/Github/Grupo-5-proyecto/Hardware/Uart/Documentacion - Externa/output_files/Pruebas.map.smsg
Info (16010): Generating hard_block partition "hard_block:auto_generated_inst"
    Info (16011): Adding 0 node(s), including 0 DDIO, 0 PLL, 0 transceiver and 0 LCELL
Info (21057): Implemented 183 device resources after synthesis - the final resource count might be different
    Info (21058): Implemented 3 input pins
    Info (21059): Implemented 1 output pins
    Info (21061): Implemented 179 logic cells
Info: Quartus Prime Analysis & Synthesis was successful. 0 errors, 5 warnings
    Info: Peak virtual memory: 4824 megabytes
    Info: Processing ended: Thu Jun 24 17:51:12 2021
    Info: Elapsed time: 00:00:06
    Info: Total CPU time (on all processors): 00:00:17


+------------------------------------------+
; Analysis & Synthesis Suppressed Messages ;
+------------------------------------------+
The suppressed messages can be found in A:/Github/Grupo-5-proyecto/Hardware/Uart/Documentacion - Externa/output_files/Pruebas.map.smsg.


