Copyright 1986-2020 Xilinx, Inc. All Rights Reserved.
-------------------------------------------------------------------------------------------
| Tool Version : Vivado v.2020.2 (lin64) Build 3064766 Wed Nov 18 09:12:47 MST 2020
| Date         : Mon Aug  2 19:44:12 2021
| Host         : sergio-X441UVK running 64-bit Ubuntu 20.04.2 LTS
| Command      : report_timing_summary -datasheet -max_paths 10 -file nexys4ddr_timing.rpt
| Design       : nexys4ddr
| Device       : 7a100t-csg324
| Speed File   : -1  PRODUCTION 1.23 2018-06-13
-------------------------------------------------------------------------------------------

Timing Summary Report

------------------------------------------------------------------------------------------------
| Timer Settings
| --------------
------------------------------------------------------------------------------------------------

  Enable Multi Corner Analysis               :  Yes
  Enable Pessimism Removal                   :  Yes
  Pessimism Removal Resolution               :  Nearest Common Node
  Enable Input Delay Default Clock           :  No
  Enable Preset / Clear Arcs                 :  No
  Disable Flight Delays                      :  No
  Ignore I/O Paths                           :  No
  Timing Early Launch at Borrowing Latches   :  No
  Borrow Time for Max Delay Exceptions       :  Yes
  Merge Timing Exceptions                    :  Yes

  Corner  Analyze    Analyze    
  Name    Max Paths  Min Paths  
  ------  ---------  ---------  
  Slow    Yes        Yes        
  Fast    Yes        Yes        



check_timing report

Table of Contents
-----------------
1. checking no_clock (2612)
2. checking constant_clock (0)
3. checking pulse_width_clock (0)
4. checking unconstrained_internal_endpoints (6571)
5. checking no_input_delay (21)
6. checking no_output_delay (25)
7. checking multiple_clock (0)
8. checking generated_clocks (0)
9. checking loops (0)
10. checking partial_input_delay (0)
11. checking partial_output_delay (0)
12. checking latch_loops (0)

1. checking no_clock (2612)
---------------------------
 There are 176 register/latch pins with no clock driven by root clock pin: Aclock0 (HIGH)

 There are 2138 register/latch pins with no clock driven by root clock pin: clk (HIGH)

 There are 3 register/latch pins with no clock driven by root clock pin: CamaraVGADriver/VGA/countX_reg[0]/Q (HIGH)

 There are 6 register/latch pins with no clock driven by root clock pin: CamaraVGADriver/VGA/countX_reg[1]/Q (HIGH)

 There are 6 register/latch pins with no clock driven by root clock pin: CamaraVGADriver/VGA/countX_reg[2]/Q (HIGH)

 There are 6 register/latch pins with no clock driven by root clock pin: CamaraVGADriver/VGA/countX_reg[3]/Q (HIGH)

 There are 6 register/latch pins with no clock driven by root clock pin: CamaraVGADriver/VGA/countX_reg[4]/Q (HIGH)

 There are 6 register/latch pins with no clock driven by root clock pin: CamaraVGADriver/VGA/countX_reg[5]/Q (HIGH)

 There are 6 register/latch pins with no clock driven by root clock pin: CamaraVGADriver/VGA/countX_reg[6]/Q (HIGH)

 There are 6 register/latch pins with no clock driven by root clock pin: CamaraVGADriver/VGA/countX_reg[7]/Q (HIGH)

 There are 6 register/latch pins with no clock driven by root clock pin: CamaraVGADriver/VGA/countX_reg[8]/Q (HIGH)

 There are 6 register/latch pins with no clock driven by root clock pin: CamaraVGADriver/VGA/countX_reg[9]/Q (HIGH)

 There are 3 register/latch pins with no clock driven by root clock pin: CamaraVGADriver/VGA/countY_reg[0]/Q (HIGH)

 There are 3 register/latch pins with no clock driven by root clock pin: CamaraVGADriver/VGA/countY_reg[1]/Q (HIGH)

 There are 6 register/latch pins with no clock driven by root clock pin: CamaraVGADriver/VGA/countY_reg[2]/Q (HIGH)

 There are 6 register/latch pins with no clock driven by root clock pin: CamaraVGADriver/VGA/countY_reg[3]/Q (HIGH)

 There are 6 register/latch pins with no clock driven by root clock pin: CamaraVGADriver/VGA/countY_reg[4]/Q (HIGH)

 There are 6 register/latch pins with no clock driven by root clock pin: CamaraVGADriver/VGA/countY_reg[5]/Q (HIGH)

 There are 6 register/latch pins with no clock driven by root clock pin: CamaraVGADriver/VGA/countY_reg[6]/Q (HIGH)

 There are 6 register/latch pins with no clock driven by root clock pin: CamaraVGADriver/VGA/countY_reg[7]/Q (HIGH)

 There are 6 register/latch pins with no clock driven by root clock pin: CamaraVGADriver/VGA/countY_reg[8]/Q (HIGH)

 There are 33 register/latch pins with no clock driven by root clock pin: Uart/Baud/ClockBAUD_reg/Q (HIGH)

 There are 33 register/latch pins with no clock driven by root clock pin: Uart_1/Baud/ClockBAUD_reg/Q (HIGH)

 There are 66 register/latch pins with no clock driven by root clock pin: int_rst_reg/Q (HIGH)

 There are 20 register/latch pins with no clock driven by root clock pin: pwm/clk1_1M/clk_out_reg/Q (HIGH)

 There are 21 register/latch pins with no clock driven by root clock pin: ultrasonido/clk1_1M/clk_out_reg/Q (HIGH)

 There are 20 register/latch pins with no clock driven by root clock pin: ultrasonido/trigger1/clk1_1M/clk_out_reg/Q (HIGH)


2. checking constant_clock (0)
------------------------------
 There are 0 register/latch pins with constant_clock.


3. checking pulse_width_clock (0)
---------------------------------
 There are 0 register/latch pins which need pulse_width check


4. checking unconstrained_internal_endpoints (6571)
---------------------------------------------------
 There are 6571 pins that are not constrained for maximum delay. (HIGH)

 There are 0 pins that are not constrained for maximum delay due to constant clock.


5. checking no_input_delay (21)
-------------------------------
 There are 21 input ports with no input delay specified. (HIGH)

 There are 0 input ports with no input delay but user has a false path constraint.


6. checking no_output_delay (25)
--------------------------------
 There are 25 ports with no output delay specified. (HIGH)

 There are 0 ports with no output delay but user has a false path constraint

 There are 0 ports with no output delay but with a timing clock defined on it or propagating through it


7. checking multiple_clock (0)
------------------------------
 There are 0 register/latch pins with multiple clocks.


8. checking generated_clocks (0)
--------------------------------
 There are 0 generated clocks that are not connected to a clock source.


9. checking loops (0)
---------------------
 There are 0 combinational loops in the design.


10. checking partial_input_delay (0)
------------------------------------
 There are 0 input ports with partial input delay specified.


11. checking partial_output_delay (0)
-------------------------------------
 There are 0 ports with partial output delay specified.


12. checking latch_loops (0)
----------------------------
 There are 0 combinational latch loops in the design through latch input



------------------------------------------------------------------------------------------------
| Design Timing Summary
| ---------------------
------------------------------------------------------------------------------------------------

    WNS(ns)      TNS(ns)  TNS Failing Endpoints  TNS Total Endpoints      WHS(ns)      THS(ns)  THS Failing Endpoints  THS Total Endpoints     WPWS(ns)     TPWS(ns)  TPWS Failing Endpoints  TPWS Total Endpoints  
    -------      -------  ---------------------  -------------------      -------      -------  ---------------------  -------------------     --------     --------  ----------------------  --------------------  
         NA           NA                     NA                   NA           NA           NA                     NA                   NA           NA           NA                      NA                    NA  


All user specified timing constraints are met.


------------------------------------------------------------------------------------------------
| Clock Summary
| -------------
------------------------------------------------------------------------------------------------


------------------------------------------------------------------------------------------------
| Intra Clock Table
| -----------------
------------------------------------------------------------------------------------------------

Clock             WNS(ns)      TNS(ns)  TNS Failing Endpoints  TNS Total Endpoints      WHS(ns)      THS(ns)  THS Failing Endpoints  THS Total Endpoints     WPWS(ns)     TPWS(ns)  TPWS Failing Endpoints  TPWS Total Endpoints  
-----             -------      -------  ---------------------  -------------------      -------      -------  ---------------------  -------------------     --------     --------  ----------------------  --------------------  


------------------------------------------------------------------------------------------------
| Inter Clock Table
| -----------------
------------------------------------------------------------------------------------------------

From Clock    To Clock          WNS(ns)      TNS(ns)  TNS Failing Endpoints  TNS Total Endpoints      WHS(ns)      THS(ns)  THS Failing Endpoints  THS Total Endpoints  
----------    --------          -------      -------  ---------------------  -------------------      -------      -------  ---------------------  -------------------  


------------------------------------------------------------------------------------------------
| Other Path Groups Table
| -----------------------
------------------------------------------------------------------------------------------------

Path Group    From Clock    To Clock          WNS(ns)      TNS(ns)  TNS Failing Endpoints  TNS Total Endpoints      WHS(ns)      THS(ns)  THS Failing Endpoints  THS Total Endpoints  
----------    ----------    --------          -------      -------  ---------------------  -------------------      -------      -------  ---------------------  -------------------  


------------------------------------------------------------------------------------------------
| Timing Details
| --------------
------------------------------------------------------------------------------------------------


------------------------------------------------------------------------------------------------
| Data sheet
| ----------
------------------------------------------------------------------------------------------------

Combinational Delays

-----+---------+-----------+---------+-----------+---------+
From | To      |   Max     | Process |   Min     | Process |
Port | Port    | Delay(ns) | Corner  | Delay(ns) | Corner  |
-----+---------+-----------+---------+-----------+---------+
clk  | XClock0 |    10.116 | SLOW    |     2.880 | FAST    |
-----+---------+-----------+---------+-----------+---------+



