Copyright 1986-2020 Xilinx, Inc. All Rights Reserved.
----------------------------------------------------------------------------------------
| Tool Version     : Vivado v.2020.2 (lin64) Build 3064766 Wed Nov 18 09:12:47 MST 2020
| Date             : Mon Aug  2 19:44:14 2021
| Host             : sergio-X441UVK running 64-bit Ubuntu 20.04.2 LTS
| Command          : report_power -file nexys4ddr_power.rpt
| Design           : nexys4ddr
| Device           : xc7a100tcsg324-1
| Design State     : routed
| Grade            : commercial
| Process          : typical
| Characterization : Production
----------------------------------------------------------------------------------------

Power Report

Table of Contents
-----------------
1. Summary
1.1 On-Chip Components
1.2 Power Supply Summary
1.3 Confidence Level
2. Settings
2.1 Environment
2.2 Clock Constraints
3. Detailed Reports
3.1 By Hierarchy

1. Summary
----------

+--------------------------+----------------------------------+
| Total On-Chip Power (W)  | 24.758 (Junction temp exceeded!) |
| Design Power Budget (W)  | Unspecified*                     |
| Power Budget Margin (W)  | NA                               |
| Dynamic (W)              | 23.945                           |
| Device Static (W)        | 0.813                            |
| Effective TJA (C/W)      | 4.6                              |
| Max Ambient (C)          | 0.0                              |
| Junction Temperature (C) | 125.0                            |
| Confidence Level         | Low                              |
| Setting File             | ---                              |
| Simulation Activity File | ---                              |
| Design Nets Matched      | NA                               |
+--------------------------+----------------------------------+
* Specify Design Power Budget using, set_operating_conditions -design_power_budget <value in Watts>


1.1 On-Chip Components
----------------------

+--------------------------+-----------+----------+-----------+-----------------+
| On-Chip                  | Power (W) | Used     | Available | Utilization (%) |
+--------------------------+-----------+----------+-----------+-----------------+
| Slice Logic              |     5.151 |     6182 |       --- |             --- |
|   LUT as Logic           |     3.936 |     2965 |     63400 |            4.68 |
|   CARRY4                 |     0.755 |      272 |     15850 |            1.72 |
|   LUT as Distributed RAM |     0.239 |      110 |     19000 |            0.58 |
|   Register               |     0.188 |     2217 |    126800 |            1.75 |
|   BUFG                   |     0.035 |        7 |        32 |           21.88 |
|   Others                 |     0.000 |       56 |       --- |             --- |
| Signals                  |     5.815 |     4703 |       --- |             --- |
| Block RAM                |     3.149 |       26 |       135 |           19.26 |
| MMCM                     |     4.086 |        1 |         6 |           16.67 |
| DSPs                     |     0.803 |        2 |       240 |            0.83 |
| I/O                      |     4.940 |       49 |       210 |           23.33 |
| Static Power             |     0.813 |          |           |                 |
| Total                    |    24.758 |          |           |                 |
+--------------------------+-----------+----------+-----------+-----------------+


1.2 Power Supply Summary
------------------------

+-----------+-------------+-----------+-------------+------------+-------------+-------------+------------+
| Source    | Voltage (V) | Total (A) | Dynamic (A) | Static (A) | Powerup (A) | Budget (A)  | Margin (A) |
+-----------+-------------+-----------+-------------+------------+-------------+-------------+------------+
| Vccint    |       1.000 |    15.338 |      14.768 |      0.570 |       NA    | Unspecified | NA         |
| Vccaux    |       1.800 |     2.526 |       2.434 |      0.093 |       NA    | Unspecified | NA         |
| Vcco33    |       3.300 |     1.377 |       1.373 |      0.004 |       NA    | Unspecified | NA         |
| Vcco25    |       2.500 |     0.000 |       0.000 |      0.000 |       NA    | Unspecified | NA         |
| Vcco18    |       1.800 |     0.000 |       0.000 |      0.000 |       NA    | Unspecified | NA         |
| Vcco15    |       1.500 |     0.000 |       0.000 |      0.000 |       NA    | Unspecified | NA         |
| Vcco135   |       1.350 |     0.000 |       0.000 |      0.000 |       NA    | Unspecified | NA         |
| Vcco12    |       1.200 |     0.000 |       0.000 |      0.000 |       NA    | Unspecified | NA         |
| Vccaux_io |       1.800 |     0.000 |       0.000 |      0.000 |       NA    | Unspecified | NA         |
| Vccbram   |       1.000 |     0.291 |       0.265 |      0.026 |       NA    | Unspecified | NA         |
| MGTAVcc   |       1.000 |     0.000 |       0.000 |      0.000 |       NA    | Unspecified | NA         |
| MGTAVtt   |       1.200 |     0.000 |       0.000 |      0.000 |       NA    | Unspecified | NA         |
| Vccadc    |       1.800 |     0.020 |       0.000 |      0.020 |       NA    | Unspecified | NA         |
+-----------+-------------+-----------+-------------+------------+-------------+-------------+------------+


1.3 Confidence Level
--------------------

+-----------------------------+------------+--------------------------------------------------------+--------------------------------------------------------------------------------------------------------------------+
| User Input Data             | Confidence | Details                                                | Action                                                                                                             |
+-----------------------------+------------+--------------------------------------------------------+--------------------------------------------------------------------------------------------------------------------+
| Design implementation state | High       | Design is routed                                       |                                                                                                                    |
| Clock nodes activity        | Low        | User specified less than 75% of clocks                 | Provide missing clock activity with a constraint file, simulation results or by editing the "By Clock Domain" view |
| I/O nodes activity          | Low        | More than 75% of inputs are missing user specification | Provide missing input activity with simulation results or by editing the "By Resource Type -> I/Os" view           |
| Internal nodes activity     | Medium     | User specified less than 25% of internal nodes         | Provide missing internal nodes activity with simulation results or by editing the "By Resource Type" views         |
| Device models               | High       | Device models are Production                           |                                                                                                                    |
|                             |            |                                                        |                                                                                                                    |
| Overall confidence level    | Low        |                                                        |                                                                                                                    |
+-----------------------------+------------+--------------------------------------------------------+--------------------------------------------------------------------------------------------------------------------+


2. Settings
-----------

2.1 Environment
---------------

+-----------------------+--------------------------+
| Ambient Temp (C)      | 25.0                     |
| ThetaJA (C/W)         | 4.6                      |
| Airflow (LFM)         | 250                      |
| Heat Sink             | medium (Medium Profile)  |
| ThetaSA (C/W)         | 4.6                      |
| Board Selection       | medium (10"x10")         |
| # of Board Layers     | 12to15 (12 to 15 Layers) |
| Board Temperature (C) | 25.0                     |
+-----------------------+--------------------------+


2.2 Clock Constraints
---------------------

+-------+--------+-----------------+
| Clock | Domain | Constraint (ns) |
+-------+--------+-----------------+


3. Detailed Reports
-------------------

3.1 By Hierarchy
----------------

+-------------------------------+-----------+
| Name                          | Power (W) |
+-------------------------------+-----------+
| nexys4ddr                     |    23.945 |
|   CamaraVGADriver             |     8.294 |
|     Cam                       |     1.283 |
|     Camara                    |     1.552 |
|     Mapa                      |     0.007 |
|     VGA                       |     0.471 |
|     clk25_24                  |     4.133 |
|   Uart                        |     0.269 |
|     Baud                      |     0.051 |
|     Receive                   |     0.104 |
|     Transmission              |     0.113 |
|   Uart_1                      |     0.248 |
|     Baud                      |     0.045 |
|     Receive                   |     0.101 |
|     Transmission              |     0.102 |
|   motores                     |     0.057 |
|     First                     |     0.057 |
|   picorv32                    |     5.956 |
|     cpuregs_reg_r1_0_63_0_2   |     0.015 |
|     cpuregs_reg_r1_0_63_12_14 |     0.016 |
|     cpuregs_reg_r1_0_63_15_17 |     0.015 |
|     cpuregs_reg_r1_0_63_18_20 |     0.016 |
|     cpuregs_reg_r1_0_63_21_23 |     0.015 |
|     cpuregs_reg_r1_0_63_24_26 |     0.013 |
|     cpuregs_reg_r1_0_63_27_29 |     0.013 |
|     cpuregs_reg_r1_0_63_30_30 |     0.009 |
|     cpuregs_reg_r1_0_63_31_31 |     0.009 |
|     cpuregs_reg_r1_0_63_3_5   |     0.017 |
|     cpuregs_reg_r1_0_63_6_8   |     0.018 |
|     cpuregs_reg_r1_0_63_9_11  |     0.015 |
|     cpuregs_reg_r2_0_63_0_2   |     0.028 |
|     cpuregs_reg_r2_0_63_12_14 |     0.031 |
|     cpuregs_reg_r2_0_63_15_17 |     0.031 |
|     cpuregs_reg_r2_0_63_18_20 |     0.043 |
|     cpuregs_reg_r2_0_63_21_23 |     0.039 |
|     cpuregs_reg_r2_0_63_24_26 |     0.035 |
|     cpuregs_reg_r2_0_63_27_29 |     0.029 |
|     cpuregs_reg_r2_0_63_30_30 |     0.014 |
|     cpuregs_reg_r2_0_63_31_31 |     0.012 |
|     cpuregs_reg_r2_0_63_3_5   |     0.029 |
|     cpuregs_reg_r2_0_63_6_8   |     0.034 |
|     cpuregs_reg_r2_0_63_9_11  |     0.033 |
|     pcpi_div                  |     1.068 |
|     pcpi_mul                  |     0.283 |
|   pwm                         |     0.080 |
|     clk1_1M                   |     0.071 |
|       counter1                |     0.071 |
|     counter1                  |     0.005 |
|   ultrasonido                 |     0.153 |
|     clk1_1M                   |     0.070 |
|       counter1                |     0.070 |
|     trigger1                  |     0.063 |
|       clk1_1M                 |     0.063 |
+-------------------------------+-----------+


