Analysis & Synthesis report for VGA
Tue Jul 20 19:33:21 2021
Quartus Prime Version 20.1.1 Build 720 11/11/2020 SJ Lite Edition


---------------------
; Table of Contents ;
---------------------
  1. Legal Notice
  2. Analysis & Synthesis Summary
  3. Analysis & Synthesis Settings
  4. Parallel Compilation
  5. Analysis & Synthesis Source Files Read
  6. Analysis & Synthesis Resource Usage Summary
  7. Analysis & Synthesis Resource Utilization by Entity
  8. Analysis & Synthesis RAM Summary
  9. General Register Statistics
 10. Inverted Register Statistics
 11. Registers Packed Into Inferred Megafunctions
 12. Multiplexer Restructuring Statistics (Restructuring Performed)
 13. Source assignments for ImBuffer:Ram|altsyncram:ram_rtl_0|altsyncram_dl61:auto_generated
 14. Parameter Settings for User Entity Instance: ImBuffer:Ram
 15. Parameter Settings for Inferred Entity Instance: ImBuffer:Ram|altsyncram:ram_rtl_0
 16. Parameter Settings for Inferred Entity Instance: lpm_mult:Mult0
 17. altsyncram Parameter Settings by Entity Instance
 18. lpm_mult Parameter Settings by Entity Instance
 19. Port Connectivity Checks: "ImBuffer:Ram"
 20. Post-Synthesis Netlist Statistics for Top Partition
 21. Elapsed Time Per Partition
 22. Analysis & Synthesis Messages



----------------
; Legal Notice ;
----------------
Copyright (C) 2020  Intel Corporation. All rights reserved.
Your use of Intel Corporation's design tools, logic functions 
and other software and tools, and any partner logic 
functions, and any output files from any of the foregoing 
(including device programming or simulation files), and any 
associated documentation or information are expressly subject 
to the terms and conditions of the Intel Program License 
Subscription Agreement, the Intel Quartus Prime License Agreement,
the Intel FPGA IP License Agreement, or other applicable license
agreement, including, without limitation, that your use is for
the sole purpose of programming logic devices manufactured by
Intel and sold by Intel or its authorized distributors.  Please
refer to the applicable agreement for further details, at
https://fpgasoftware.intel.com/eula.



+----------------------------------------------------------------------------------+
; Analysis & Synthesis Summary                                                     ;
+------------------------------------+---------------------------------------------+
; Analysis & Synthesis Status        ; Successful - Tue Jul 20 19:33:21 2021       ;
; Quartus Prime Version              ; 20.1.1 Build 720 11/11/2020 SJ Lite Edition ;
; Revision Name                      ; VGA                                         ;
; Top-level Entity Name              ; Test                                        ;
; Family                             ; Cyclone 10 LP                               ;
; Total logic elements               ; 142                                         ;
;     Total combinational functions  ; 142                                         ;
;     Dedicated logic registers      ; 22                                          ;
; Total registers                    ; 22                                          ;
; Total pins                         ; 16                                          ;
; Total virtual pins                 ; 0                                           ;
; Total memory bits                  ; 393,216                                     ;
; Embedded Multiplier 9-bit elements ; 0                                           ;
; Total PLLs                         ; 0                                           ;
+------------------------------------+---------------------------------------------+


+------------------------------------------------------------------------------------------------------------+
; Analysis & Synthesis Settings                                                                              ;
+------------------------------------------------------------------+--------------------+--------------------+
; Option                                                           ; Setting            ; Default Value      ;
+------------------------------------------------------------------+--------------------+--------------------+
; Device                                                           ; 10CL025YU256I7G    ;                    ;
; Top-level entity name                                            ; Test               ; VGA                ;
; Family name                                                      ; Cyclone 10 LP      ; Cyclone V          ;
; Use smart compilation                                            ; Off                ; Off                ;
; Enable parallel Assembler and Timing Analyzer during compilation ; On                 ; On                 ;
; Enable compact report table                                      ; Off                ; Off                ;
; Restructure Multiplexers                                         ; Auto               ; Auto               ;
; Create Debugging Nodes for IP Cores                              ; Off                ; Off                ;
; Preserve fewer node names                                        ; On                 ; On                 ;
; Intel FPGA IP Evaluation Mode                                    ; Enable             ; Enable             ;
; Verilog Version                                                  ; Verilog_2001       ; Verilog_2001       ;
; VHDL Version                                                     ; VHDL_1993          ; VHDL_1993          ;
; State Machine Processing                                         ; Auto               ; Auto               ;
; Safe State Machine                                               ; Off                ; Off                ;
; Extract Verilog State Machines                                   ; On                 ; On                 ;
; Extract VHDL State Machines                                      ; On                 ; On                 ;
; Ignore Verilog initial constructs                                ; Off                ; Off                ;
; Iteration limit for constant Verilog loops                       ; 5000               ; 5000               ;
; Iteration limit for non-constant Verilog loops                   ; 250                ; 250                ;
; Add Pass-Through Logic to Inferred RAMs                          ; On                 ; On                 ;
; Infer RAMs from Raw Logic                                        ; On                 ; On                 ;
; Parallel Synthesis                                               ; On                 ; On                 ;
; DSP Block Balancing                                              ; Auto               ; Auto               ;
; NOT Gate Push-Back                                               ; On                 ; On                 ;
; Power-Up Don't Care                                              ; On                 ; On                 ;
; Remove Redundant Logic Cells                                     ; Off                ; Off                ;
; Remove Duplicate Registers                                       ; On                 ; On                 ;
; Ignore CARRY Buffers                                             ; Off                ; Off                ;
; Ignore CASCADE Buffers                                           ; Off                ; Off                ;
; Ignore GLOBAL Buffers                                            ; Off                ; Off                ;
; Ignore ROW GLOBAL Buffers                                        ; Off                ; Off                ;
; Ignore LCELL Buffers                                             ; Off                ; Off                ;
; Ignore SOFT Buffers                                              ; On                 ; On                 ;
; Limit AHDL Integers to 32 Bits                                   ; Off                ; Off                ;
; Optimization Technique                                           ; Balanced           ; Balanced           ;
; Carry Chain Length                                               ; 70                 ; 70                 ;
; Auto Carry Chains                                                ; On                 ; On                 ;
; Auto Open-Drain Pins                                             ; On                 ; On                 ;
; Perform WYSIWYG Primitive Resynthesis                            ; Off                ; Off                ;
; Auto ROM Replacement                                             ; On                 ; On                 ;
; Auto RAM Replacement                                             ; On                 ; On                 ;
; Auto DSP Block Replacement                                       ; On                 ; On                 ;
; Auto Shift Register Replacement                                  ; Auto               ; Auto               ;
; Allow Shift Register Merging across Hierarchies                  ; Auto               ; Auto               ;
; Auto Clock Enable Replacement                                    ; On                 ; On                 ;
; Strict RAM Replacement                                           ; Off                ; Off                ;
; Allow Synchronous Control Signals                                ; On                 ; On                 ;
; Force Use of Synchronous Clear Signals                           ; Off                ; Off                ;
; Auto RAM Block Balancing                                         ; On                 ; On                 ;
; Auto RAM to Logic Cell Conversion                                ; Off                ; Off                ;
; Auto Resource Sharing                                            ; Off                ; Off                ;
; Allow Any RAM Size For Recognition                               ; Off                ; Off                ;
; Allow Any ROM Size For Recognition                               ; Off                ; Off                ;
; Allow Any Shift Register Size For Recognition                    ; Off                ; Off                ;
; Use LogicLock Constraints during Resource Balancing              ; On                 ; On                 ;
; Ignore translate_off and synthesis_off directives                ; Off                ; Off                ;
; Timing-Driven Synthesis                                          ; On                 ; On                 ;
; Report Parameter Settings                                        ; On                 ; On                 ;
; Report Source Assignments                                        ; On                 ; On                 ;
; Report Connectivity Checks                                       ; On                 ; On                 ;
; Ignore Maximum Fan-Out Assignments                               ; Off                ; Off                ;
; Synchronization Register Chain Length                            ; 2                  ; 2                  ;
; Power Optimization During Synthesis                              ; Normal compilation ; Normal compilation ;
; HDL message level                                                ; Level2             ; Level2             ;
; Suppress Register Optimization Related Messages                  ; Off                ; Off                ;
; Number of Removed Registers Reported in Synthesis Report         ; 5000               ; 5000               ;
; Number of Swept Nodes Reported in Synthesis Report               ; 5000               ; 5000               ;
; Number of Inverted Registers Reported in Synthesis Report        ; 100                ; 100                ;
; Clock MUX Protection                                             ; On                 ; On                 ;
; Auto Gated Clock Conversion                                      ; Off                ; Off                ;
; Block Design Naming                                              ; Auto               ; Auto               ;
; SDC constraint protection                                        ; Off                ; Off                ;
; Synthesis Effort                                                 ; Auto               ; Auto               ;
; Shift Register Replacement - Allow Asynchronous Clear Signal     ; On                 ; On                 ;
; Pre-Mapping Resynthesis Optimization                             ; Off                ; Off                ;
; Analysis & Synthesis Message Level                               ; Medium             ; Medium             ;
; Disable Register Merging Across Hierarchies                      ; Auto               ; Auto               ;
; Resource Aware Inference For Block RAM                           ; On                 ; On                 ;
+------------------------------------------------------------------+--------------------+--------------------+


+------------------------------------------+
; Parallel Compilation                     ;
+----------------------------+-------------+
; Processors                 ; Number      ;
+----------------------------+-------------+
; Number detected on machine ; 16          ;
; Maximum allowed            ; 16          ;
;                            ;             ;
; Average used               ; 1.00        ;
; Maximum used               ; 16          ;
;                            ;             ;
; Usage by Processor         ; % Time Used ;
;     Processor 1            ; 100.0%      ;
;     Processors 2-16        ;   0.0%      ;
+----------------------------+-------------+


+-----------------------------------------------------------------------------------------------------------------------------------------------------------------------------------------------------------------+
; Analysis & Synthesis Source Files Read                                                                                                                                                                          ;
+--------------------------------------+-----------------+-------------------------------------------------------+--------------------------------------------------------------------------------------+---------+
; File Name with User-Entered Path     ; Used in Netlist ; File Type                                             ; File Name with Absolute Path                                                         ; Library ;
+--------------------------------------+-----------------+-------------------------------------------------------+--------------------------------------------------------------------------------------+---------+
; DivisorFrecuencia.v                  ; yes             ; User Verilog HDL File                                 ; A:/Github/Grupo-5-proyecto/Hardware/VGA/Quartus/DivisorFrecuencia.v                  ;         ;
; VGA_driver.v                         ; yes             ; User Verilog HDL File                                 ; A:/Github/Grupo-5-proyecto/Hardware/VGA/Quartus/VGA_driver.v                         ;         ;
; ImBuffer.v                           ; yes             ; User Verilog HDL File                                 ; A:/Github/Grupo-5-proyecto/Hardware/VGA/Quartus/ImBuffer.v                           ;         ;
; Test.v                               ; yes             ; User Verilog HDL File                                 ; A:/Github/Grupo-5-proyecto/Hardware/VGA/Quartus/Test.v                               ;         ;
; altsyncram.tdf                       ; yes             ; Megafunction                                          ; p:/quartus/quartus/libraries/megafunctions/altsyncram.tdf                            ;         ;
; stratix_ram_block.inc                ; yes             ; Megafunction                                          ; p:/quartus/quartus/libraries/megafunctions/stratix_ram_block.inc                     ;         ;
; lpm_mux.inc                          ; yes             ; Megafunction                                          ; p:/quartus/quartus/libraries/megafunctions/lpm_mux.inc                               ;         ;
; lpm_decode.inc                       ; yes             ; Megafunction                                          ; p:/quartus/quartus/libraries/megafunctions/lpm_decode.inc                            ;         ;
; aglobal201.inc                       ; yes             ; Megafunction                                          ; p:/quartus/quartus/libraries/megafunctions/aglobal201.inc                            ;         ;
; a_rdenreg.inc                        ; yes             ; Megafunction                                          ; p:/quartus/quartus/libraries/megafunctions/a_rdenreg.inc                             ;         ;
; altrom.inc                           ; yes             ; Megafunction                                          ; p:/quartus/quartus/libraries/megafunctions/altrom.inc                                ;         ;
; altram.inc                           ; yes             ; Megafunction                                          ; p:/quartus/quartus/libraries/megafunctions/altram.inc                                ;         ;
; altdpram.inc                         ; yes             ; Megafunction                                          ; p:/quartus/quartus/libraries/megafunctions/altdpram.inc                              ;         ;
; db/altsyncram_dl61.tdf               ; yes             ; Auto-Generated Megafunction                           ; A:/Github/Grupo-5-proyecto/Hardware/VGA/Quartus/db/altsyncram_dl61.tdf               ;         ;
; db/vga.ram0_imbuffer_6a81217.hdl.mif ; yes             ; Auto-Generated Auto-Found Memory Initialization File  ; A:/Github/Grupo-5-proyecto/Hardware/VGA/Quartus/db/vga.ram0_imbuffer_6a81217.hdl.mif ;         ;
; db/decode_88a.tdf                    ; yes             ; Auto-Generated Megafunction                           ; A:/Github/Grupo-5-proyecto/Hardware/VGA/Quartus/db/decode_88a.tdf                    ;         ;
; db/mux_aob.tdf                       ; yes             ; Auto-Generated Megafunction                           ; A:/Github/Grupo-5-proyecto/Hardware/VGA/Quartus/db/mux_aob.tdf                       ;         ;
; lpm_mult.tdf                         ; yes             ; Megafunction                                          ; p:/quartus/quartus/libraries/megafunctions/lpm_mult.tdf                              ;         ;
; lpm_add_sub.inc                      ; yes             ; Megafunction                                          ; p:/quartus/quartus/libraries/megafunctions/lpm_add_sub.inc                           ;         ;
; multcore.inc                         ; yes             ; Megafunction                                          ; p:/quartus/quartus/libraries/megafunctions/multcore.inc                              ;         ;
; bypassff.inc                         ; yes             ; Megafunction                                          ; p:/quartus/quartus/libraries/megafunctions/bypassff.inc                              ;         ;
; altshift.inc                         ; yes             ; Megafunction                                          ; p:/quartus/quartus/libraries/megafunctions/altshift.inc                              ;         ;
; multcore.tdf                         ; yes             ; Megafunction                                          ; p:/quartus/quartus/libraries/megafunctions/multcore.tdf                              ;         ;
; csa_add.inc                          ; yes             ; Megafunction                                          ; p:/quartus/quartus/libraries/megafunctions/csa_add.inc                               ;         ;
; mpar_add.inc                         ; yes             ; Megafunction                                          ; p:/quartus/quartus/libraries/megafunctions/mpar_add.inc                              ;         ;
; muleabz.inc                          ; yes             ; Megafunction                                          ; p:/quartus/quartus/libraries/megafunctions/muleabz.inc                               ;         ;
; mul_lfrg.inc                         ; yes             ; Megafunction                                          ; p:/quartus/quartus/libraries/megafunctions/mul_lfrg.inc                              ;         ;
; mul_boothc.inc                       ; yes             ; Megafunction                                          ; p:/quartus/quartus/libraries/megafunctions/mul_boothc.inc                            ;         ;
; alt_ded_mult.inc                     ; yes             ; Megafunction                                          ; p:/quartus/quartus/libraries/megafunctions/alt_ded_mult.inc                          ;         ;
; alt_ded_mult_y.inc                   ; yes             ; Megafunction                                          ; p:/quartus/quartus/libraries/megafunctions/alt_ded_mult_y.inc                        ;         ;
; dffpipe.inc                          ; yes             ; Megafunction                                          ; p:/quartus/quartus/libraries/megafunctions/dffpipe.inc                               ;         ;
; mpar_add.tdf                         ; yes             ; Megafunction                                          ; p:/quartus/quartus/libraries/megafunctions/mpar_add.tdf                              ;         ;
; lpm_add_sub.tdf                      ; yes             ; Megafunction                                          ; p:/quartus/quartus/libraries/megafunctions/lpm_add_sub.tdf                           ;         ;
; addcore.inc                          ; yes             ; Megafunction                                          ; p:/quartus/quartus/libraries/megafunctions/addcore.inc                               ;         ;
; look_add.inc                         ; yes             ; Megafunction                                          ; p:/quartus/quartus/libraries/megafunctions/look_add.inc                              ;         ;
; alt_stratix_add_sub.inc              ; yes             ; Megafunction                                          ; p:/quartus/quartus/libraries/megafunctions/alt_stratix_add_sub.inc                   ;         ;
; db/add_sub_egh.tdf                   ; yes             ; Auto-Generated Megafunction                           ; A:/Github/Grupo-5-proyecto/Hardware/VGA/Quartus/db/add_sub_egh.tdf                   ;         ;
; db/add_sub_igh.tdf                   ; yes             ; Auto-Generated Megafunction                           ; A:/Github/Grupo-5-proyecto/Hardware/VGA/Quartus/db/add_sub_igh.tdf                   ;         ;
; altshift.tdf                         ; yes             ; Megafunction                                          ; p:/quartus/quartus/libraries/megafunctions/altshift.tdf                              ;         ;
+--------------------------------------+-----------------+-------------------------------------------------------+--------------------------------------------------------------------------------------+---------+


+--------------------------------------------------------------------------------+
; Analysis & Synthesis Resource Usage Summary                                    ;
+---------------------------------------------+----------------------------------+
; Resource                                    ; Usage                            ;
+---------------------------------------------+----------------------------------+
; Estimated Total logic elements              ; 142                              ;
;                                             ;                                  ;
; Total combinational functions               ; 142                              ;
; Logic element usage by number of LUT inputs ;                                  ;
;     -- 4 input functions                    ; 53                               ;
;     -- 3 input functions                    ; 39                               ;
;     -- <=2 input functions                  ; 50                               ;
;                                             ;                                  ;
; Logic elements by mode                      ;                                  ;
;     -- normal mode                          ; 107                              ;
;     -- arithmetic mode                      ; 35                               ;
;                                             ;                                  ;
; Total registers                             ; 22                               ;
;     -- Dedicated logic registers            ; 22                               ;
;     -- I/O registers                        ; 0                                ;
;                                             ;                                  ;
; I/O pins                                    ; 16                               ;
; Total memory bits                           ; 393216                           ;
;                                             ;                                  ;
; Embedded Multiplier 9-bit elements          ; 0                                ;
;                                             ;                                  ;
; Maximum fan-out node                        ; DivisorFrecuencia:CLK25|Clock25M ;
; Maximum fan-out                             ; 70                               ;
; Total fan-out                               ; 1227                             ;
; Average fan-out                             ; 5.03                             ;
+---------------------------------------------+----------------------------------+


+---------------------------------------------------------------------------------------------------------------------------------------------------------------------------------------------------------------------------------------------------------------------------------------------------------------------------------------------+
; Analysis & Synthesis Resource Utilization by Entity                                                                                                                                                                                                                                                                                         ;
+------------------------------------------------+---------------------+---------------------------+-------------+--------------+---------+-----------+------+--------------+------------------------------------------------------------------------------------------------------------------------------+-------------------+--------------+
; Compilation Hierarchy Node                     ; Combinational ALUTs ; Dedicated Logic Registers ; Memory Bits ; DSP Elements ; DSP 9x9 ; DSP 18x18 ; Pins ; Virtual Pins ; Full Hierarchy Name                                                                                                          ; Entity Name       ; Library Name ;
+------------------------------------------------+---------------------+---------------------------+-------------+--------------+---------+-----------+------+--------------+------------------------------------------------------------------------------------------------------------------------------+-------------------+--------------+
; |Test                                          ; 142 (30)            ; 22 (0)                    ; 393216      ; 0            ; 0       ; 0         ; 16   ; 0            ; |Test                                                                                                                        ; Test              ; work         ;
;    |DivisorFrecuencia:CLK25|                   ; 1 (1)               ; 1 (1)                     ; 0           ; 0            ; 0       ; 0         ; 0    ; 0            ; |Test|DivisorFrecuencia:CLK25                                                                                                ; DivisorFrecuencia ; work         ;
;    |ImBuffer:Ram|                              ; 4 (0)               ; 2 (0)                     ; 393216      ; 0            ; 0       ; 0         ; 0    ; 0            ; |Test|ImBuffer:Ram                                                                                                           ; ImBuffer          ; work         ;
;       |altsyncram:ram_rtl_0|                   ; 4 (0)               ; 2 (0)                     ; 393216      ; 0            ; 0       ; 0         ; 0    ; 0            ; |Test|ImBuffer:Ram|altsyncram:ram_rtl_0                                                                                      ; altsyncram        ; work         ;
;          |altsyncram_dl61:auto_generated|      ; 4 (0)               ; 2 (2)                     ; 393216      ; 0            ; 0       ; 0         ; 0    ; 0            ; |Test|ImBuffer:Ram|altsyncram:ram_rtl_0|altsyncram_dl61:auto_generated                                                       ; altsyncram_dl61   ; work         ;
;             |decode_88a:rden_decode|           ; 4 (4)               ; 0 (0)                     ; 0           ; 0            ; 0       ; 0         ; 0    ; 0            ; |Test|ImBuffer:Ram|altsyncram:ram_rtl_0|altsyncram_dl61:auto_generated|decode_88a:rden_decode                                ; decode_88a        ; work         ;
;    |VGA_Driver640x480:VGA|                     ; 84 (84)             ; 19 (19)                   ; 0           ; 0            ; 0       ; 0         ; 0    ; 0            ; |Test|VGA_Driver640x480:VGA                                                                                                  ; VGA_Driver640x480 ; work         ;
;    |lpm_mult:Mult0|                            ; 23 (0)              ; 0 (0)                     ; 0           ; 0            ; 0       ; 0         ; 0    ; 0            ; |Test|lpm_mult:Mult0                                                                                                         ; lpm_mult          ; work         ;
;       |multcore:mult_core|                     ; 23 (13)             ; 0 (0)                     ; 0           ; 0            ; 0       ; 0         ; 0    ; 0            ; |Test|lpm_mult:Mult0|multcore:mult_core                                                                                      ; multcore          ; work         ;
;          |mpar_add:padder|                     ; 10 (0)              ; 0 (0)                     ; 0           ; 0            ; 0       ; 0         ; 0    ; 0            ; |Test|lpm_mult:Mult0|multcore:mult_core|mpar_add:padder                                                                      ; mpar_add          ; work         ;
;             |lpm_add_sub:adder[0]|             ; 7 (0)               ; 0 (0)                     ; 0           ; 0            ; 0       ; 0         ; 0    ; 0            ; |Test|lpm_mult:Mult0|multcore:mult_core|mpar_add:padder|lpm_add_sub:adder[0]                                                 ; lpm_add_sub       ; work         ;
;                |add_sub_egh:auto_generated|    ; 7 (7)               ; 0 (0)                     ; 0           ; 0            ; 0       ; 0         ; 0    ; 0            ; |Test|lpm_mult:Mult0|multcore:mult_core|mpar_add:padder|lpm_add_sub:adder[0]|add_sub_egh:auto_generated                      ; add_sub_egh       ; work         ;
;             |mpar_add:sub_par_add|             ; 3 (0)               ; 0 (0)                     ; 0           ; 0            ; 0       ; 0         ; 0    ; 0            ; |Test|lpm_mult:Mult0|multcore:mult_core|mpar_add:padder|mpar_add:sub_par_add                                                 ; mpar_add          ; work         ;
;                |lpm_add_sub:adder[0]|          ; 3 (0)               ; 0 (0)                     ; 0           ; 0            ; 0       ; 0         ; 0    ; 0            ; |Test|lpm_mult:Mult0|multcore:mult_core|mpar_add:padder|mpar_add:sub_par_add|lpm_add_sub:adder[0]                            ; lpm_add_sub       ; work         ;
;                   |add_sub_igh:auto_generated| ; 3 (3)               ; 0 (0)                     ; 0           ; 0            ; 0       ; 0         ; 0    ; 0            ; |Test|lpm_mult:Mult0|multcore:mult_core|mpar_add:padder|mpar_add:sub_par_add|lpm_add_sub:adder[0]|add_sub_igh:auto_generated ; add_sub_igh       ; work         ;
+------------------------------------------------+---------------------+---------------------------+-------------+--------------+---------+-----------+------+--------------+------------------------------------------------------------------------------------------------------------------------------+-------------------+--------------+
Note: For table entries with two numbers listed, the numbers in parentheses indicate the number of resources of the given type used by the specific entity alone. The numbers listed outside of parentheses indicate the total resources of the given type used by the specific entity and all of its sub-entities in the hierarchy.


+-------------------------------------------------------------------------------------------------------------------------------------------------------------------------------------------------------+
; Analysis & Synthesis RAM Summary                                                                                                                                                                      ;
+-----------------------------------------------------------------------------+------+------+--------------+--------------+--------------+--------------+--------+--------------------------------------+
; Name                                                                        ; Type ; Mode ; Port A Depth ; Port A Width ; Port B Depth ; Port B Width ; Size   ; MIF                                  ;
+-----------------------------------------------------------------------------+------+------+--------------+--------------+--------------+--------------+--------+--------------------------------------+
; ImBuffer:Ram|altsyncram:ram_rtl_0|altsyncram_dl61:auto_generated|ALTSYNCRAM ; AUTO ; ROM  ; 32768        ; 12           ; --           ; --           ; 393216 ; db/VGA.ram0_ImBuffer_6a81217.hdl.mif ;
+-----------------------------------------------------------------------------+------+------+--------------+--------------+--------------+--------------+--------+--------------------------------------+


+------------------------------------------------------+
; General Register Statistics                          ;
+----------------------------------------------+-------+
; Statistic                                    ; Value ;
+----------------------------------------------+-------+
; Total registers                              ; 22    ;
; Number of registers using Synchronous Clear  ; 0     ;
; Number of registers using Synchronous Load   ; 0     ;
; Number of registers using Asynchronous Clear ; 0     ;
; Number of registers using Asynchronous Load  ; 0     ;
; Number of registers using Clock Enable       ; 9     ;
; Number of registers using Preset             ; 0     ;
+----------------------------------------------+-------+


+--------------------------------------------------+
; Inverted Register Statistics                     ;
+----------------------------------------+---------+
; Inverted Register                      ; Fan out ;
+----------------------------------------+---------+
; VGA_Driver640x480:VGA|countX[9]        ; 6       ;
; VGA_Driver640x480:VGA|countX[7]        ; 6       ;
; VGA_Driver640x480:VGA|countY[5]        ; 9       ;
; VGA_Driver640x480:VGA|countY[6]        ; 8       ;
; VGA_Driver640x480:VGA|countY[7]        ; 7       ;
; VGA_Driver640x480:VGA|countY[8]        ; 5       ;
; Total number of inverted registers = 6 ;         ;
+----------------------------------------+---------+


+-------------------------------------------------------+
; Registers Packed Into Inferred Megafunctions          ;
+-----------------------+------------------------+------+
; Register Name         ; Megafunction           ; Type ;
+-----------------------+------------------------+------+
; ImBuffer:Ram|q[0..11] ; ImBuffer:Ram|ram_rtl_0 ; RAM  ;
+-----------------------+------------------------+------+


+-----------------------------------------------------------------------------------------------------------------------------------------------------+
; Multiplexer Restructuring Statistics (Restructuring Performed)                                                                                      ;
+--------------------+-----------+---------------+----------------------+------------------------+------------+---------------------------------------+
; Multiplexer Inputs ; Bus Width ; Baseline Area ; Area if Restructured ; Saving if Restructured ; Registered ; Example Multiplexer Output            ;
+--------------------+-----------+---------------+----------------------+------------------------+------------+---------------------------------------+
; 3:1                ; 8 bits    ; 16 LEs        ; 8 LEs                ; 8 LEs                  ; Yes        ; |Test|VGA_Driver640x480:VGA|countX[1] ;
; 3:1                ; 9 bits    ; 18 LEs        ; 9 LEs                ; 9 LEs                  ; Yes        ; |Test|VGA_Driver640x480:VGA|countY[8] ;
; 3:1                ; 2 bits    ; 4 LEs         ; 4 LEs                ; 0 LEs                  ; Yes        ; |Test|VGA_Driver640x480:VGA|countX[9] ;
+--------------------+-----------+---------------+----------------------+------------------------+------------+---------------------------------------+


+-----------------------------------------------------------------------------------------+
; Source assignments for ImBuffer:Ram|altsyncram:ram_rtl_0|altsyncram_dl61:auto_generated ;
+---------------------------------+--------------------+------+---------------------------+
; Assignment                      ; Value              ; From ; To                        ;
+---------------------------------+--------------------+------+---------------------------+
; OPTIMIZE_POWER_DURING_SYNTHESIS ; NORMAL_COMPILATION ; -    ; -                         ;
+---------------------------------+--------------------+------+---------------------------+


+-----------------------------------------------------------+
; Parameter Settings for User Entity Instance: ImBuffer:Ram ;
+----------------+--------+---------------------------------+
; Parameter Name ; Value  ; Type                            ;
+----------------+--------+---------------------------------+
; DATA_WIDTH     ; 12     ; Signed Integer                  ;
; ADDR_WIDTH     ; 15     ; Signed Integer                  ;
; imageFILE      ; Im.mem ; String                          ;
+----------------+--------+---------------------------------+
Note: In order to hide this table in the UI and the text report file, please set the "Show Parameter Settings in Synthesis Report" option in "Analysis and Synthesis Settings -> More Settings" to "Off".


+--------------------------------------------------------------------------------------------+
; Parameter Settings for Inferred Entity Instance: ImBuffer:Ram|altsyncram:ram_rtl_0         ;
+------------------------------------+--------------------------------------+----------------+
; Parameter Name                     ; Value                                ; Type           ;
+------------------------------------+--------------------------------------+----------------+
; BYTE_SIZE_BLOCK                    ; 8                                    ; Untyped        ;
; AUTO_CARRY_CHAINS                  ; ON                                   ; AUTO_CARRY     ;
; IGNORE_CARRY_BUFFERS               ; OFF                                  ; IGNORE_CARRY   ;
; AUTO_CASCADE_CHAINS                ; ON                                   ; AUTO_CASCADE   ;
; IGNORE_CASCADE_BUFFERS             ; OFF                                  ; IGNORE_CASCADE ;
; WIDTH_BYTEENA                      ; 1                                    ; Untyped        ;
; OPERATION_MODE                     ; ROM                                  ; Untyped        ;
; WIDTH_A                            ; 12                                   ; Untyped        ;
; WIDTHAD_A                          ; 15                                   ; Untyped        ;
; NUMWORDS_A                         ; 32768                                ; Untyped        ;
; OUTDATA_REG_A                      ; UNREGISTERED                         ; Untyped        ;
; ADDRESS_ACLR_A                     ; NONE                                 ; Untyped        ;
; OUTDATA_ACLR_A                     ; NONE                                 ; Untyped        ;
; WRCONTROL_ACLR_A                   ; NONE                                 ; Untyped        ;
; INDATA_ACLR_A                      ; NONE                                 ; Untyped        ;
; BYTEENA_ACLR_A                     ; NONE                                 ; Untyped        ;
; WIDTH_B                            ; 1                                    ; Untyped        ;
; WIDTHAD_B                          ; 1                                    ; Untyped        ;
; NUMWORDS_B                         ; 1                                    ; Untyped        ;
; INDATA_REG_B                       ; CLOCK1                               ; Untyped        ;
; WRCONTROL_WRADDRESS_REG_B          ; CLOCK1                               ; Untyped        ;
; RDCONTROL_REG_B                    ; CLOCK1                               ; Untyped        ;
; ADDRESS_REG_B                      ; CLOCK1                               ; Untyped        ;
; OUTDATA_REG_B                      ; UNREGISTERED                         ; Untyped        ;
; BYTEENA_REG_B                      ; CLOCK1                               ; Untyped        ;
; INDATA_ACLR_B                      ; NONE                                 ; Untyped        ;
; WRCONTROL_ACLR_B                   ; NONE                                 ; Untyped        ;
; ADDRESS_ACLR_B                     ; NONE                                 ; Untyped        ;
; OUTDATA_ACLR_B                     ; NONE                                 ; Untyped        ;
; RDCONTROL_ACLR_B                   ; NONE                                 ; Untyped        ;
; BYTEENA_ACLR_B                     ; NONE                                 ; Untyped        ;
; WIDTH_BYTEENA_A                    ; 1                                    ; Untyped        ;
; WIDTH_BYTEENA_B                    ; 1                                    ; Untyped        ;
; RAM_BLOCK_TYPE                     ; AUTO                                 ; Untyped        ;
; BYTE_SIZE                          ; 8                                    ; Untyped        ;
; READ_DURING_WRITE_MODE_MIXED_PORTS ; DONT_CARE                            ; Untyped        ;
; READ_DURING_WRITE_MODE_PORT_A      ; NEW_DATA_NO_NBE_READ                 ; Untyped        ;
; READ_DURING_WRITE_MODE_PORT_B      ; NEW_DATA_NO_NBE_READ                 ; Untyped        ;
; INIT_FILE                          ; db/VGA.ram0_ImBuffer_6a81217.hdl.mif ; Untyped        ;
; INIT_FILE_LAYOUT                   ; PORT_A                               ; Untyped        ;
; MAXIMUM_DEPTH                      ; 0                                    ; Untyped        ;
; CLOCK_ENABLE_INPUT_A               ; NORMAL                               ; Untyped        ;
; CLOCK_ENABLE_INPUT_B               ; NORMAL                               ; Untyped        ;
; CLOCK_ENABLE_OUTPUT_A              ; NORMAL                               ; Untyped        ;
; CLOCK_ENABLE_OUTPUT_B              ; NORMAL                               ; Untyped        ;
; CLOCK_ENABLE_CORE_A                ; USE_INPUT_CLKEN                      ; Untyped        ;
; CLOCK_ENABLE_CORE_B                ; USE_INPUT_CLKEN                      ; Untyped        ;
; ENABLE_ECC                         ; FALSE                                ; Untyped        ;
; ECC_PIPELINE_STAGE_ENABLED         ; FALSE                                ; Untyped        ;
; WIDTH_ECCSTATUS                    ; 3                                    ; Untyped        ;
; DEVICE_FAMILY                      ; Cyclone 10 LP                        ; Untyped        ;
; CBXI_PARAMETER                     ; altsyncram_dl61                      ; Untyped        ;
+------------------------------------+--------------------------------------+----------------+
Note: In order to hide this table in the UI and the text report file, please set the "Show Parameter Settings in Synthesis Report" option in "Analysis and Synthesis Settings -> More Settings" to "Off".


+--------------------------------------------------------------------------------------+
; Parameter Settings for Inferred Entity Instance: lpm_mult:Mult0                      ;
+------------------------------------------------+---------------+---------------------+
; Parameter Name                                 ; Value         ; Type                ;
+------------------------------------------------+---------------+---------------------+
; AUTO_CARRY_CHAINS                              ; ON            ; AUTO_CARRY          ;
; IGNORE_CARRY_BUFFERS                           ; OFF           ; IGNORE_CARRY        ;
; AUTO_CASCADE_CHAINS                            ; ON            ; AUTO_CASCADE        ;
; IGNORE_CASCADE_BUFFERS                         ; OFF           ; IGNORE_CASCADE      ;
; LPM_WIDTHA                                     ; 9             ; Untyped             ;
; LPM_WIDTHB                                     ; 8             ; Untyped             ;
; LPM_WIDTHP                                     ; 17            ; Untyped             ;
; LPM_WIDTHR                                     ; 17            ; Untyped             ;
; LPM_WIDTHS                                     ; 1             ; Untyped             ;
; LPM_REPRESENTATION                             ; UNSIGNED      ; Untyped             ;
; LPM_PIPELINE                                   ; 0             ; Untyped             ;
; LATENCY                                        ; 0             ; Untyped             ;
; INPUT_A_IS_CONSTANT                            ; NO            ; Untyped             ;
; INPUT_B_IS_CONSTANT                            ; YES           ; Untyped             ;
; USE_EAB                                        ; OFF           ; Untyped             ;
; MAXIMIZE_SPEED                                 ; 5             ; Untyped             ;
; DEVICE_FAMILY                                  ; Cyclone 10 LP ; Untyped             ;
; CARRY_CHAIN                                    ; MANUAL        ; Untyped             ;
; APEX20K_TECHNOLOGY_MAPPER                      ; LUT           ; TECH_MAPPER_APEX20K ;
; DEDICATED_MULTIPLIER_CIRCUITRY                 ; AUTO          ; Untyped             ;
; DEDICATED_MULTIPLIER_MIN_INPUT_WIDTH_FOR_AUTO  ; 0             ; Untyped             ;
; DEDICATED_MULTIPLIER_MIN_OUTPUT_WIDTH_FOR_AUTO ; 0             ; Untyped             ;
; CBXI_PARAMETER                                 ; NOTHING       ; Untyped             ;
; INPUT_A_FIXED_VALUE                            ; Bx            ; Untyped             ;
; INPUT_B_FIXED_VALUE                            ; Bx            ; Untyped             ;
; USE_AHDL_IMPLEMENTATION                        ; OFF           ; Untyped             ;
+------------------------------------------------+---------------+---------------------+
Note: In order to hide this table in the UI and the text report file, please set the "Show Parameter Settings in Synthesis Report" option in "Analysis and Synthesis Settings -> More Settings" to "Off".


+-------------------------------------------------------------------------------+
; altsyncram Parameter Settings by Entity Instance                              ;
+-------------------------------------------+-----------------------------------+
; Name                                      ; Value                             ;
+-------------------------------------------+-----------------------------------+
; Number of entity instances                ; 1                                 ;
; Entity Instance                           ; ImBuffer:Ram|altsyncram:ram_rtl_0 ;
;     -- OPERATION_MODE                     ; ROM                               ;
;     -- WIDTH_A                            ; 12                                ;
;     -- NUMWORDS_A                         ; 32768                             ;
;     -- OUTDATA_REG_A                      ; UNREGISTERED                      ;
;     -- WIDTH_B                            ; 1                                 ;
;     -- NUMWORDS_B                         ; 1                                 ;
;     -- ADDRESS_REG_B                      ; CLOCK1                            ;
;     -- OUTDATA_REG_B                      ; UNREGISTERED                      ;
;     -- RAM_BLOCK_TYPE                     ; AUTO                              ;
;     -- READ_DURING_WRITE_MODE_MIXED_PORTS ; DONT_CARE                         ;
+-------------------------------------------+-----------------------------------+


+--------------------------------------------------------+
; lpm_mult Parameter Settings by Entity Instance         ;
+---------------------------------------+----------------+
; Name                                  ; Value          ;
+---------------------------------------+----------------+
; Number of entity instances            ; 1              ;
; Entity Instance                       ; lpm_mult:Mult0 ;
;     -- LPM_WIDTHA                     ; 9              ;
;     -- LPM_WIDTHB                     ; 8              ;
;     -- LPM_WIDTHP                     ; 17             ;
;     -- LPM_REPRESENTATION             ; UNSIGNED       ;
;     -- INPUT_A_IS_CONSTANT            ; NO             ;
;     -- INPUT_B_IS_CONSTANT            ; YES            ;
;     -- USE_EAB                        ; OFF            ;
;     -- DEDICATED_MULTIPLIER_CIRCUITRY ; AUTO           ;
;     -- INPUT_A_FIXED_VALUE            ; Bx             ;
;     -- INPUT_B_FIXED_VALUE            ; Bx             ;
+---------------------------------------+----------------+


+-----------------------------------------------+
; Port Connectivity Checks: "ImBuffer:Ram"      ;
+-------------+-------+----------+--------------+
; Port        ; Type  ; Severity ; Details      ;
+-------------+-------+----------+--------------+
; data        ; Input ; Info     ; Stuck at GND ;
; write_addr  ; Input ; Info     ; Stuck at GND ;
; we          ; Input ; Info     ; Stuck at GND ;
; write_clock ; Input ; Info     ; Stuck at GND ;
+-------------+-------+----------+--------------+


+-----------------------------------------------------+
; Post-Synthesis Netlist Statistics for Top Partition ;
+-----------------------+-----------------------------+
; Type                  ; Count                       ;
+-----------------------+-----------------------------+
; boundary_port         ; 16                          ;
; cycloneiii_ff         ; 22                          ;
;     ENA               ; 9                           ;
;     plain             ; 13                          ;
; cycloneiii_lcell_comb ; 142                         ;
;     arith             ; 35                          ;
;         2 data inputs ; 23                          ;
;         3 data inputs ; 12                          ;
;     normal            ; 107                         ;
;         1 data inputs ; 5                           ;
;         2 data inputs ; 22                          ;
;         3 data inputs ; 27                          ;
;         4 data inputs ; 53                          ;
; cycloneiii_ram_block  ; 48                          ;
;                       ;                             ;
; Max LUT depth         ; 5.60                        ;
; Average LUT depth     ; 3.14                        ;
+-----------------------+-----------------------------+


+-------------------------------+
; Elapsed Time Per Partition    ;
+----------------+--------------+
; Partition Name ; Elapsed Time ;
+----------------+--------------+
; Top            ; 00:00:01     ;
+----------------+--------------+


+-------------------------------+
; Analysis & Synthesis Messages ;
+-------------------------------+
Info: *******************************************************************
Info: Running Quartus Prime Analysis & Synthesis
    Info: Version 20.1.1 Build 720 11/11/2020 SJ Lite Edition
    Info: Processing started: Tue Jul 20 19:33:02 2021
Info: Command: quartus_map --read_settings_files=on --write_settings_files=off VGA -c VGA
Warning (18236): Number of processors has not been specified which may cause overloading on shared machines.  Set the global assignment NUM_PARALLEL_PROCESSORS in your QSF to an appropriate value for best performance.
Info (20030): Parallel compilation is enabled and will use 16 of the 16 processors detected
Info (12021): Found 1 design units, including 1 entities, in source file divisorfrecuencia.v
    Info (12023): Found entity 1: DivisorFrecuencia File: A:/Github/Grupo-5-proyecto/Hardware/VGA/Quartus/DivisorFrecuencia.v Line: 1
Info (12021): Found 1 design units, including 1 entities, in source file vga_driver.v
    Info (12023): Found entity 1: VGA_Driver640x480 File: A:/Github/Grupo-5-proyecto/Hardware/VGA/Quartus/VGA_driver.v Line: 18
Info (12021): Found 1 design units, including 1 entities, in source file imbuffer.v
    Info (12023): Found entity 1: ImBuffer File: A:/Github/Grupo-5-proyecto/Hardware/VGA/Quartus/ImBuffer.v Line: 1
Info (12021): Found 1 design units, including 1 entities, in source file test.v
    Info (12023): Found entity 1: Test File: A:/Github/Grupo-5-proyecto/Hardware/VGA/Quartus/Test.v Line: 1
Info (12127): Elaborating entity "Test" for the top level hierarchy
Warning (10230): Verilog HDL assignment warning at Test.v(33): truncated value with size 32 to match size of target (15) File: A:/Github/Grupo-5-proyecto/Hardware/VGA/Quartus/Test.v Line: 33
Warning (10030): Net "DataRamIn" at Test.v(11) has no driver or initial value, using a default initial value '0' File: A:/Github/Grupo-5-proyecto/Hardware/VGA/Quartus/Test.v Line: 11
Warning (10030): Net "AddrRamIn" at Test.v(12) has no driver or initial value, using a default initial value '0' File: A:/Github/Grupo-5-proyecto/Hardware/VGA/Quartus/Test.v Line: 12
Warning (10030): Net "WriteClock" at Test.v(10) has no driver or initial value, using a default initial value '0' File: A:/Github/Grupo-5-proyecto/Hardware/VGA/Quartus/Test.v Line: 10
Info (12128): Elaborating entity "ImBuffer" for hierarchy "ImBuffer:Ram" File: A:/Github/Grupo-5-proyecto/Hardware/VGA/Quartus/Test.v Line: 22
Warning (10850): Verilog HDL warning at ImBuffer.v(16): number of words (25344) in memory file does not match the number of elements in the address range [0:32767] File: A:/Github/Grupo-5-proyecto/Hardware/VGA/Quartus/ImBuffer.v Line: 16
Info (12128): Elaborating entity "VGA_Driver640x480" for hierarchy "VGA_Driver640x480:VGA" File: A:/Github/Grupo-5-proyecto/Hardware/VGA/Quartus/Test.v Line: 24
Warning (10230): Verilog HDL assignment warning at VGA_driver.v(44): truncated value with size 32 to match size of target (10) File: A:/Github/Grupo-5-proyecto/Hardware/VGA/Quartus/VGA_driver.v Line: 44
Warning (10230): Verilog HDL assignment warning at VGA_driver.v(45): truncated value with size 32 to match size of target (9) File: A:/Github/Grupo-5-proyecto/Hardware/VGA/Quartus/VGA_driver.v Line: 45
Warning (10230): Verilog HDL assignment warning at VGA_driver.v(58): truncated value with size 32 to match size of target (10) File: A:/Github/Grupo-5-proyecto/Hardware/VGA/Quartus/VGA_driver.v Line: 58
Warning (10230): Verilog HDL assignment warning at VGA_driver.v(59): truncated value with size 32 to match size of target (9) File: A:/Github/Grupo-5-proyecto/Hardware/VGA/Quartus/VGA_driver.v Line: 59
Warning (10230): Verilog HDL assignment warning at VGA_driver.v(68): truncated value with size 32 to match size of target (9) File: A:/Github/Grupo-5-proyecto/Hardware/VGA/Quartus/VGA_driver.v Line: 68
Warning (10230): Verilog HDL assignment warning at VGA_driver.v(72): truncated value with size 32 to match size of target (10) File: A:/Github/Grupo-5-proyecto/Hardware/VGA/Quartus/VGA_driver.v Line: 72
Info (12128): Elaborating entity "DivisorFrecuencia" for hierarchy "DivisorFrecuencia:CLK25" File: A:/Github/Grupo-5-proyecto/Hardware/VGA/Quartus/Test.v Line: 26
Info (19000): Inferred 1 megafunctions from design logic
    Info (276029): Inferred altsyncram megafunction from the following design logic: "ImBuffer:Ram|ram_rtl_0" 
        Info (286033): Parameter OPERATION_MODE set to ROM
        Info (286033): Parameter WIDTH_A set to 12
        Info (286033): Parameter WIDTHAD_A set to 15
        Info (286033): Parameter NUMWORDS_A set to 32768
        Info (286033): Parameter OUTDATA_REG_A set to UNREGISTERED
        Info (286033): Parameter ADDRESS_ACLR_A set to NONE
        Info (286033): Parameter OUTDATA_ACLR_A set to NONE
        Info (286033): Parameter INDATA_ACLR_A set to NONE
        Info (286033): Parameter WRCONTROL_ACLR_A set to NONE
        Info (286033): Parameter INIT_FILE set to db/VGA.ram0_ImBuffer_6a81217.hdl.mif
Info (278001): Inferred 1 megafunctions from design logic
    Info (278003): Inferred multiplier megafunction ("lpm_mult") from the following logic: "Mult0" File: A:/Github/Grupo-5-proyecto/Hardware/VGA/Quartus/Test.v Line: 33
Info (12130): Elaborated megafunction instantiation "ImBuffer:Ram|altsyncram:ram_rtl_0"
Info (12133): Instantiated megafunction "ImBuffer:Ram|altsyncram:ram_rtl_0" with the following parameter:
    Info (12134): Parameter "OPERATION_MODE" = "ROM"
    Info (12134): Parameter "WIDTH_A" = "12"
    Info (12134): Parameter "WIDTHAD_A" = "15"
    Info (12134): Parameter "NUMWORDS_A" = "32768"
    Info (12134): Parameter "OUTDATA_REG_A" = "UNREGISTERED"
    Info (12134): Parameter "ADDRESS_ACLR_A" = "NONE"
    Info (12134): Parameter "OUTDATA_ACLR_A" = "NONE"
    Info (12134): Parameter "INDATA_ACLR_A" = "NONE"
    Info (12134): Parameter "WRCONTROL_ACLR_A" = "NONE"
    Info (12134): Parameter "INIT_FILE" = "db/VGA.ram0_ImBuffer_6a81217.hdl.mif"
Info (12021): Found 1 design units, including 1 entities, in source file db/altsyncram_dl61.tdf
    Info (12023): Found entity 1: altsyncram_dl61 File: A:/Github/Grupo-5-proyecto/Hardware/VGA/Quartus/db/altsyncram_dl61.tdf Line: 32
Info (12021): Found 1 design units, including 1 entities, in source file db/decode_88a.tdf
    Info (12023): Found entity 1: decode_88a File: A:/Github/Grupo-5-proyecto/Hardware/VGA/Quartus/db/decode_88a.tdf Line: 23
Info (12021): Found 1 design units, including 1 entities, in source file db/mux_aob.tdf
    Info (12023): Found entity 1: mux_aob File: A:/Github/Grupo-5-proyecto/Hardware/VGA/Quartus/db/mux_aob.tdf Line: 23
Info (12130): Elaborated megafunction instantiation "lpm_mult:Mult0" File: A:/Github/Grupo-5-proyecto/Hardware/VGA/Quartus/Test.v Line: 33
Info (12133): Instantiated megafunction "lpm_mult:Mult0" with the following parameter: File: A:/Github/Grupo-5-proyecto/Hardware/VGA/Quartus/Test.v Line: 33
    Info (12134): Parameter "LPM_WIDTHA" = "9"
    Info (12134): Parameter "LPM_WIDTHB" = "8"
    Info (12134): Parameter "LPM_WIDTHP" = "17"
    Info (12134): Parameter "LPM_WIDTHR" = "17"
    Info (12134): Parameter "LPM_WIDTHS" = "1"
    Info (12134): Parameter "LPM_REPRESENTATION" = "UNSIGNED"
    Info (12134): Parameter "INPUT_A_IS_CONSTANT" = "NO"
    Info (12134): Parameter "INPUT_B_IS_CONSTANT" = "YES"
    Info (12134): Parameter "MAXIMIZE_SPEED" = "5"
Info (12131): Elaborated megafunction instantiation "lpm_mult:Mult0|multcore:mult_core", which is child of megafunction instantiation "lpm_mult:Mult0" File: p:/quartus/quartus/libraries/megafunctions/lpm_mult.tdf Line: 309
Info (12131): Elaborated megafunction instantiation "lpm_mult:Mult0|multcore:mult_core|mpar_add:padder", which is child of megafunction instantiation "lpm_mult:Mult0" File: p:/quartus/quartus/libraries/megafunctions/multcore.tdf Line: 229
Info (12131): Elaborated megafunction instantiation "lpm_mult:Mult0|multcore:mult_core|mpar_add:padder|lpm_add_sub:adder[0]", which is child of megafunction instantiation "lpm_mult:Mult0" File: p:/quartus/quartus/libraries/megafunctions/mpar_add.tdf Line: 78
Info (12021): Found 1 design units, including 1 entities, in source file db/add_sub_egh.tdf
    Info (12023): Found entity 1: add_sub_egh File: A:/Github/Grupo-5-proyecto/Hardware/VGA/Quartus/db/add_sub_egh.tdf Line: 23
Info (12131): Elaborated megafunction instantiation "lpm_mult:Mult0|multcore:mult_core|mpar_add:padder|mpar_add:sub_par_add", which is child of megafunction instantiation "lpm_mult:Mult0" File: p:/quartus/quartus/libraries/megafunctions/mpar_add.tdf Line: 138
Info (12131): Elaborated megafunction instantiation "lpm_mult:Mult0|multcore:mult_core|mpar_add:padder|mpar_add:sub_par_add|lpm_add_sub:adder[0]", which is child of megafunction instantiation "lpm_mult:Mult0" File: p:/quartus/quartus/libraries/megafunctions/mpar_add.tdf Line: 78
Info (12021): Found 1 design units, including 1 entities, in source file db/add_sub_igh.tdf
    Info (12023): Found entity 1: add_sub_igh File: A:/Github/Grupo-5-proyecto/Hardware/VGA/Quartus/db/add_sub_igh.tdf Line: 23
Info (12131): Elaborated megafunction instantiation "lpm_mult:Mult0|altshift:external_latency_ffs", which is child of megafunction instantiation "lpm_mult:Mult0" File: p:/quartus/quartus/libraries/megafunctions/lpm_mult.tdf Line: 352
Info (286030): Timing-Driven Synthesis is running
Info (16010): Generating hard_block partition "hard_block:auto_generated_inst"
    Info (16011): Adding 0 node(s), including 0 DDIO, 0 PLL, 0 transceiver and 0 LCELL
Info (21057): Implemented 206 device resources after synthesis - the final resource count might be different
    Info (21058): Implemented 2 input pins
    Info (21059): Implemented 14 output pins
    Info (21061): Implemented 142 logic cells
    Info (21064): Implemented 48 RAM segments
Info: Quartus Prime Analysis & Synthesis was successful. 0 errors, 12 warnings
    Info: Peak virtual memory: 4831 megabytes
    Info: Processing ended: Tue Jul 20 19:33:21 2021
    Info: Elapsed time: 00:00:19
    Info: Total CPU time (on all processors): 00:00:30


