Flow report for C10LPRefKit
Mon Aug  2 21:09:20 2021
Quartus Prime Version 20.1.1 Build 720 11/11/2020 SJ Lite Edition


---------------------
; Table of Contents ;
---------------------
  1. Legal Notice
  2. Flow Summary
  3. Flow Settings
  4. Flow Non-Default Global Settings
  5. Flow Elapsed Time
  6. Flow OS Summary
  7. Flow Log
  8. Flow Messages
  9. Flow Suppressed Messages



----------------
; Legal Notice ;
----------------
Copyright (C) 2020  Intel Corporation. All rights reserved.
Your use of Intel Corporation's design tools, logic functions 
and other software and tools, and any partner logic 
functions, and any output files from any of the foregoing 
(including device programming or simulation files), and any 
associated documentation or information are expressly subject 
to the terms and conditions of the Intel Program License 
Subscription Agreement, the Intel Quartus Prime License Agreement,
the Intel FPGA IP License Agreement, or other applicable license
agreement, including, without limitation, that your use is for
the sole purpose of programming logic devices manufactured by
Intel and sold by Intel or its authorized distributors.  Please
refer to the applicable agreement for further details, at
https://fpgasoftware.intel.com/eula.



+----------------------------------------------------------------------------------+
; Flow Summary                                                                     ;
+------------------------------------+---------------------------------------------+
; Flow Status                        ; Successful - Mon Aug  2 21:09:17 2021       ;
; Quartus Prime Version              ; 20.1.1 Build 720 11/11/2020 SJ Lite Edition ;
; Revision Name                      ; C10LPRefKit                                 ;
; Top-level Entity Name              ; C10LPRefKit                                 ;
; Family                             ; Cyclone 10 LP                               ;
; Device                             ; 10CL025YU256I7G                             ;
; Timing Models                      ; Final                                       ;
; Total logic elements               ; 5,362 / 24,624 ( 22 % )                     ;
;     Total combinational functions  ; 5,037 / 24,624 ( 20 % )                     ;
;     Dedicated logic registers      ; 2,343 / 24,624 ( 10 % )                     ;
; Total registers                    ; 2343                                        ;
; Total pins                         ; 56 / 151 ( 37 % )                           ;
; Total virtual pins                 ; 0                                           ;
; Total memory bits                  ; 383,424 / 608,256 ( 63 % )                  ;
; Embedded Multiplier 9-bit elements ; 0 / 132 ( 0 % )                             ;
; Total PLLs                         ; 0 / 4 ( 0 % )                               ;
+------------------------------------+---------------------------------------------+


+-----------------------------------------+
; Flow Settings                           ;
+-------------------+---------------------+
; Option            ; Setting             ;
+-------------------+---------------------+
; Start date & time ; 08/02/2021 21:08:06 ;
; Main task         ; Compilation         ;
; Revision Name     ; C10LPRefKit         ;
+-------------------+---------------------+


+----------------------------------------------------------------------------------------------------+
; Flow Non-Default Global Settings                                                                   ;
+-----------------------+---------------------------------+---------------+-------------+------------+
; Assignment Name       ; Value                           ; Default Value ; Entity Name ; Section Id ;
+-----------------------+---------------------------------+---------------+-------------+------------+
; COMPILER_SIGNATURE_ID ; 185263052568703.162795648633500 ; --            ; --          ; --         ;
+-----------------------+---------------------------------+---------------+-------------+------------+


+--------------------------------------------------------------------------------------------------------------------------+
; Flow Elapsed Time                                                                                                        ;
+----------------------+--------------+-------------------------+---------------------+------------------------------------+
; Module Name          ; Elapsed Time ; Average Processors Used ; Peak Virtual Memory ; Total CPU Time (on all processors) ;
+----------------------+--------------+-------------------------+---------------------+------------------------------------+
; Analysis & Synthesis ; 00:00:54     ; 1.0                     ; 1472 MB             ; 00:01:04                           ;
; Fitter               ; 00:00:14     ; 1.8                     ; 2060 MB             ; 00:00:31                           ;
; Assembler            ; 00:00:01     ; 1.0                     ; 377 MB              ; 00:00:01                           ;
; Timing Analyzer      ; 00:00:02     ; 2.0                     ; 679 MB              ; 00:00:04                           ;
; Total                ; 00:01:11     ; --                      ; --                  ; 00:01:40                           ;
+----------------------+--------------+-------------------------+---------------------+------------------------------------+


+----------------------------------------------------------------------------------------+
; Flow OS Summary                                                                        ;
+----------------------+------------------+----------------+------------+----------------+
; Module Name          ; Machine Hostname ; OS Name        ; OS Version ; Processor type ;
+----------------------+------------------+----------------+------------+----------------+
; Analysis & Synthesis ; Akizuki          ; Ubuntu 20.04.2 ; 20         ; x86_64         ;
; Fitter               ; Akizuki          ; Ubuntu 20.04.2 ; 20         ; x86_64         ;
; Assembler            ; Akizuki          ; Ubuntu 20.04.2 ; 20         ; x86_64         ;
; Timing Analyzer      ; Akizuki          ; Ubuntu 20.04.2 ; 20         ; x86_64         ;
+----------------------+------------------+----------------+------------+----------------+


------------
; Flow Log ;
------------
quartus_map --read_settings_files=on --write_settings_files=off C10LPRefKit -c C10LPRefKit
quartus_fit --read_settings_files=off --write_settings_files=off C10LPRefKit -c C10LPRefKit
quartus_asm --read_settings_files=off --write_settings_files=off C10LPRefKit -c C10LPRefKit
quartus_sta C10LPRefKit -c C10LPRefKit



