Analysis & Synthesis report for UartT
Fri Jul 23 20:05:05 2021
Quartus Prime Version 20.1.1 Build 720 11/11/2020 SJ Lite Edition


---------------------
; Table of Contents ;
---------------------
  1. Legal Notice
  2. Analysis & Synthesis Summary
  3. Analysis & Synthesis Settings
  4. Parallel Compilation
  5. Analysis & Synthesis Source Files Read
  6. Analysis & Synthesis Resource Usage Summary
  7. Analysis & Synthesis Resource Utilization by Entity
  8. State Machine - |Test|Uart:Top|UartRx:Receive|Status
  9. State Machine - |Test|Uart:Top|UartTx:Transmission|Status
 10. Registers Removed During Synthesis
 11. General Register Statistics
 12. Inverted Register Statistics
 13. Multiplexer Restructuring Statistics (Restructuring Performed)
 14. Port Connectivity Checks: "Uart:Top"
 15. Post-Synthesis Netlist Statistics for Top Partition
 16. Elapsed Time Per Partition
 17. Analysis & Synthesis Messages



----------------
; Legal Notice ;
----------------
Copyright (C) 2020  Intel Corporation. All rights reserved.
Your use of Intel Corporation's design tools, logic functions 
and other software and tools, and any partner logic 
functions, and any output files from any of the foregoing 
(including device programming or simulation files), and any 
associated documentation or information are expressly subject 
to the terms and conditions of the Intel Program License 
Subscription Agreement, the Intel Quartus Prime License Agreement,
the Intel FPGA IP License Agreement, or other applicable license
agreement, including, without limitation, that your use is for
the sole purpose of programming logic devices manufactured by
Intel and sold by Intel or its authorized distributors.  Please
refer to the applicable agreement for further details, at
https://fpgasoftware.intel.com/eula.



+----------------------------------------------------------------------------------+
; Analysis & Synthesis Summary                                                     ;
+------------------------------------+---------------------------------------------+
; Analysis & Synthesis Status        ; Successful - Fri Jul 23 20:05:05 2021       ;
; Quartus Prime Version              ; 20.1.1 Build 720 11/11/2020 SJ Lite Edition ;
; Revision Name                      ; UartT                                       ;
; Top-level Entity Name              ; Test                                        ;
; Family                             ; Cyclone 10 LP                               ;
; Total logic elements               ; 176                                         ;
;     Total combinational functions  ; 176                                         ;
;     Dedicated logic registers      ; 114                                         ;
; Total registers                    ; 114                                         ;
; Total pins                         ; 4                                           ;
; Total virtual pins                 ; 0                                           ;
; Total memory bits                  ; 0                                           ;
; Embedded Multiplier 9-bit elements ; 0                                           ;
; Total PLLs                         ; 0                                           ;
+------------------------------------+---------------------------------------------+


+------------------------------------------------------------------------------------------------------------+
; Analysis & Synthesis Settings                                                                              ;
+------------------------------------------------------------------+--------------------+--------------------+
; Option                                                           ; Setting            ; Default Value      ;
+------------------------------------------------------------------+--------------------+--------------------+
; Device                                                           ; 10CL025YU256I7G    ;                    ;
; Top-level entity name                                            ; Test               ; UartT              ;
; Family name                                                      ; Cyclone 10 LP      ; Cyclone V          ;
; Use smart compilation                                            ; Off                ; Off                ;
; Enable parallel Assembler and Timing Analyzer during compilation ; On                 ; On                 ;
; Enable compact report table                                      ; Off                ; Off                ;
; Restructure Multiplexers                                         ; Auto               ; Auto               ;
; Create Debugging Nodes for IP Cores                              ; Off                ; Off                ;
; Preserve fewer node names                                        ; On                 ; On                 ;
; Intel FPGA IP Evaluation Mode                                    ; Enable             ; Enable             ;
; Verilog Version                                                  ; Verilog_2001       ; Verilog_2001       ;
; VHDL Version                                                     ; VHDL_1993          ; VHDL_1993          ;
; State Machine Processing                                         ; Auto               ; Auto               ;
; Safe State Machine                                               ; Off                ; Off                ;
; Extract Verilog State Machines                                   ; On                 ; On                 ;
; Extract VHDL State Machines                                      ; On                 ; On                 ;
; Ignore Verilog initial constructs                                ; Off                ; Off                ;
; Iteration limit for constant Verilog loops                       ; 5000               ; 5000               ;
; Iteration limit for non-constant Verilog loops                   ; 250                ; 250                ;
; Add Pass-Through Logic to Inferred RAMs                          ; On                 ; On                 ;
; Infer RAMs from Raw Logic                                        ; On                 ; On                 ;
; Parallel Synthesis                                               ; On                 ; On                 ;
; DSP Block Balancing                                              ; Auto               ; Auto               ;
; NOT Gate Push-Back                                               ; On                 ; On                 ;
; Power-Up Don't Care                                              ; On                 ; On                 ;
; Remove Redundant Logic Cells                                     ; Off                ; Off                ;
; Remove Duplicate Registers                                       ; On                 ; On                 ;
; Ignore CARRY Buffers                                             ; Off                ; Off                ;
; Ignore CASCADE Buffers                                           ; Off                ; Off                ;
; Ignore GLOBAL Buffers                                            ; Off                ; Off                ;
; Ignore ROW GLOBAL Buffers                                        ; Off                ; Off                ;
; Ignore LCELL Buffers                                             ; Off                ; Off                ;
; Ignore SOFT Buffers                                              ; On                 ; On                 ;
; Limit AHDL Integers to 32 Bits                                   ; Off                ; Off                ;
; Optimization Technique                                           ; Balanced           ; Balanced           ;
; Carry Chain Length                                               ; 70                 ; 70                 ;
; Auto Carry Chains                                                ; On                 ; On                 ;
; Auto Open-Drain Pins                                             ; On                 ; On                 ;
; Perform WYSIWYG Primitive Resynthesis                            ; Off                ; Off                ;
; Auto ROM Replacement                                             ; On                 ; On                 ;
; Auto RAM Replacement                                             ; On                 ; On                 ;
; Auto DSP Block Replacement                                       ; On                 ; On                 ;
; Auto Shift Register Replacement                                  ; Auto               ; Auto               ;
; Allow Shift Register Merging across Hierarchies                  ; Auto               ; Auto               ;
; Auto Clock Enable Replacement                                    ; On                 ; On                 ;
; Strict RAM Replacement                                           ; Off                ; Off                ;
; Allow Synchronous Control Signals                                ; On                 ; On                 ;
; Force Use of Synchronous Clear Signals                           ; Off                ; Off                ;
; Auto RAM Block Balancing                                         ; On                 ; On                 ;
; Auto RAM to Logic Cell Conversion                                ; Off                ; Off                ;
; Auto Resource Sharing                                            ; Off                ; Off                ;
; Allow Any RAM Size For Recognition                               ; Off                ; Off                ;
; Allow Any ROM Size For Recognition                               ; Off                ; Off                ;
; Allow Any Shift Register Size For Recognition                    ; Off                ; Off                ;
; Use LogicLock Constraints during Resource Balancing              ; On                 ; On                 ;
; Ignore translate_off and synthesis_off directives                ; Off                ; Off                ;
; Timing-Driven Synthesis                                          ; On                 ; On                 ;
; Report Parameter Settings                                        ; On                 ; On                 ;
; Report Source Assignments                                        ; On                 ; On                 ;
; Report Connectivity Checks                                       ; On                 ; On                 ;
; Ignore Maximum Fan-Out Assignments                               ; Off                ; Off                ;
; Synchronization Register Chain Length                            ; 2                  ; 2                  ;
; Power Optimization During Synthesis                              ; Normal compilation ; Normal compilation ;
; HDL message level                                                ; Level2             ; Level2             ;
; Suppress Register Optimization Related Messages                  ; Off                ; Off                ;
; Number of Removed Registers Reported in Synthesis Report         ; 5000               ; 5000               ;
; Number of Swept Nodes Reported in Synthesis Report               ; 5000               ; 5000               ;
; Number of Inverted Registers Reported in Synthesis Report        ; 100                ; 100                ;
; Clock MUX Protection                                             ; On                 ; On                 ;
; Auto Gated Clock Conversion                                      ; Off                ; Off                ;
; Block Design Naming                                              ; Auto               ; Auto               ;
; SDC constraint protection                                        ; Off                ; Off                ;
; Synthesis Effort                                                 ; Auto               ; Auto               ;
; Shift Register Replacement - Allow Asynchronous Clear Signal     ; On                 ; On                 ;
; Pre-Mapping Resynthesis Optimization                             ; Off                ; Off                ;
; Analysis & Synthesis Message Level                               ; Medium             ; Medium             ;
; Disable Register Merging Across Hierarchies                      ; Auto               ; Auto               ;
; Resource Aware Inference For Block RAM                           ; On                 ; On                 ;
+------------------------------------------------------------------+--------------------+--------------------+


+------------------------------------------+
; Parallel Compilation                     ;
+----------------------------+-------------+
; Processors                 ; Number      ;
+----------------------------+-------------+
; Number detected on machine ; 16          ;
; Maximum allowed            ; 16          ;
;                            ;             ;
; Average used               ; 1.01        ;
; Maximum used               ; 16          ;
;                            ;             ;
; Usage by Processor         ; % Time Used ;
;     Processor 1            ; 100.0%      ;
;     Processors 2-16        ;   0.1%      ;
+----------------------------+-------------+


+---------------------------------------------------------------------------------------------------------------------------------------------------------------+
; Analysis & Synthesis Source Files Read                                                                                                                        ;
+----------------------------------+-----------------+------------------------+-----------------------------------------------------------------------+---------+
; File Name with User-Entered Path ; Used in Netlist ; File Type              ; File Name with Absolute Path                                          ; Library ;
+----------------------------------+-----------------+------------------------+-----------------------------------------------------------------------+---------+
; GeneradorBaudios.v               ; yes             ; User Verilog HDL File  ; /home/oyuky/Grupo-5-proyecto/Hardware/Uart/Quartus/GeneradorBaudios.v ;         ;
; Uart.v                           ; yes             ; User Verilog HDL File  ; /home/oyuky/Grupo-5-proyecto/Hardware/Uart/Quartus/Uart.v             ;         ;
; UartTx.v                         ; yes             ; User Verilog HDL File  ; /home/oyuky/Grupo-5-proyecto/Hardware/Uart/Quartus/UartTx.v           ;         ;
; UartRx.v                         ; yes             ; User Verilog HDL File  ; /home/oyuky/Grupo-5-proyecto/Hardware/Uart/Quartus/UartRx.v           ;         ;
; Test.v                           ; yes             ; User Verilog HDL File  ; /home/oyuky/Grupo-5-proyecto/Hardware/Uart/Quartus/Test.v             ;         ;
+----------------------------------+-----------------+------------------------+-----------------------------------------------------------------------+---------+


+-----------------------------------------------------------+
; Analysis & Synthesis Resource Usage Summary               ;
+---------------------------------------------+-------------+
; Resource                                    ; Usage       ;
+---------------------------------------------+-------------+
; Estimated Total logic elements              ; 176         ;
;                                             ;             ;
; Total combinational functions               ; 176         ;
; Logic element usage by number of LUT inputs ;             ;
;     -- 4 input functions                    ; 55          ;
;     -- 3 input functions                    ; 46          ;
;     -- <=2 input functions                  ; 75          ;
;                                             ;             ;
; Logic elements by mode                      ;             ;
;     -- normal mode                          ; 105         ;
;     -- arithmetic mode                      ; 71          ;
;                                             ;             ;
; Total registers                             ; 114         ;
;     -- Dedicated logic registers            ; 114         ;
;     -- I/O registers                        ; 0           ;
;                                             ;             ;
; I/O pins                                    ; 4           ;
;                                             ;             ;
; Embedded Multiplier 9-bit elements          ; 0           ;
;                                             ;             ;
; Maximum fan-out node                        ; Clock~input ;
; Maximum fan-out                             ; 79          ;
; Total fan-out                               ; 797         ;
; Average fan-out                             ; 2.67        ;
+---------------------------------------------+-------------+


+-----------------------------------------------------------------------------------------------------------------------------------------------------------------------------------------------------------------------------------+
; Analysis & Synthesis Resource Utilization by Entity                                                                                                                                                                               ;
+-------------------------------+---------------------+---------------------------+-------------+--------------+---------+-----------+------+--------------+--------------------------------------+------------------+--------------+
; Compilation Hierarchy Node    ; Combinational ALUTs ; Dedicated Logic Registers ; Memory Bits ; DSP Elements ; DSP 9x9 ; DSP 18x18 ; Pins ; Virtual Pins ; Full Hierarchy Name                  ; Entity Name      ; Library Name ;
+-------------------------------+---------------------+---------------------------+-------------+--------------+---------+-----------+------+--------------+--------------------------------------+------------------+--------------+
; |Test                         ; 176 (78)            ; 114 (60)                  ; 0           ; 0            ; 0       ; 0         ; 4    ; 0            ; |Test                                ; Test             ; work         ;
;    |Uart:Top|                 ; 98 (0)              ; 54 (0)                    ; 0           ; 0            ; 0       ; 0         ; 0    ; 0            ; |Test|Uart:Top                       ; Uart             ; work         ;
;       |GeneradorBaudios:Baud| ; 23 (23)             ; 17 (17)                   ; 0           ; 0            ; 0       ; 0         ; 0    ; 0            ; |Test|Uart:Top|GeneradorBaudios:Baud ; GeneradorBaudios ; work         ;
;       |UartRx:Receive|        ; 38 (38)             ; 18 (18)                   ; 0           ; 0            ; 0       ; 0         ; 0    ; 0            ; |Test|Uart:Top|UartRx:Receive        ; UartRx           ; work         ;
;       |UartTx:Transmission|   ; 37 (37)             ; 19 (19)                   ; 0           ; 0            ; 0       ; 0         ; 0    ; 0            ; |Test|Uart:Top|UartTx:Transmission   ; UartTx           ; work         ;
+-------------------------------+---------------------+---------------------------+-------------+--------------+---------+-----------+------+--------------+--------------------------------------+------------------+--------------+
Note: For table entries with two numbers listed, the numbers in parentheses indicate the number of resources of the given type used by the specific entity alone. The numbers listed outside of parentheses indicate the total resources of the given type used by the specific entity and all of its sub-entities in the hierarchy.


Encoding Type:  One-Hot
+-----------------------------------------------------------------------+
; State Machine - |Test|Uart:Top|UartRx:Receive|Status                  ;
+--------------+-------------+-------------+--------------+-------------+
; Name         ; Status.STOP ; Status.DATA ; Status.START ; Status.WAIT ;
+--------------+-------------+-------------+--------------+-------------+
; Status.WAIT  ; 0           ; 0           ; 0            ; 0           ;
; Status.START ; 0           ; 0           ; 1            ; 1           ;
; Status.DATA  ; 0           ; 1           ; 0            ; 1           ;
; Status.STOP  ; 1           ; 0           ; 0            ; 1           ;
+--------------+-------------+-------------+--------------+-------------+


Encoding Type:  One-Hot
+-----------------------------------------------------------------------+
; State Machine - |Test|Uart:Top|UartTx:Transmission|Status             ;
+--------------+-------------+-------------+--------------+-------------+
; Name         ; Status.STOP ; Status.DATA ; Status.START ; Status.WAIT ;
+--------------+-------------+-------------+--------------+-------------+
; Status.WAIT  ; 0           ; 0           ; 0            ; 0           ;
; Status.START ; 0           ; 0           ; 1            ; 1           ;
; Status.DATA  ; 0           ; 1           ; 0            ; 1           ;
; Status.STOP  ; 1           ; 0           ; 0            ; 1           ;
+--------------+-------------+-------------+--------------+-------------+


+------------------------------------------------------------+
; Registers Removed During Synthesis                         ;
+---------------------------------------+--------------------+
; Register name                         ; Reason for Removal ;
+---------------------------------------+--------------------+
; Uart:Top|UartRx:Receive|Status~6      ; Lost fanout        ;
; Uart:Top|UartRx:Receive|Status~7      ; Lost fanout        ;
; Uart:Top|UartTx:Transmission|Status~6 ; Lost fanout        ;
; Uart:Top|UartTx:Transmission|Status~7 ; Lost fanout        ;
; Total Number of Removed Registers = 4 ;                    ;
+---------------------------------------+--------------------+


+------------------------------------------------------+
; General Register Statistics                          ;
+----------------------------------------------+-------+
; Statistic                                    ; Value ;
+----------------------------------------------+-------+
; Total registers                              ; 114   ;
; Number of registers using Synchronous Clear  ; 38    ;
; Number of registers using Synchronous Load   ; 1     ;
; Number of registers using Asynchronous Clear ; 0     ;
; Number of registers using Asynchronous Load  ; 0     ;
; Number of registers using Clock Enable       ; 22    ;
; Number of registers using Preset             ; 0     ;
+----------------------------------------------+-------+


+--------------------------------------------------+
; Inverted Register Statistics                     ;
+----------------------------------------+---------+
; Inverted Register                      ; Fan out ;
+----------------------------------------+---------+
; TxInit                                 ; 3       ;
; TxData[5]                              ; 1       ;
; Total number of inverted registers = 2 ;         ;
+----------------------------------------+---------+


+-----------------------------------------------------------------------------------------------------------------------------------------------------------------+
; Multiplexer Restructuring Statistics (Restructuring Performed)                                                                                                  ;
+--------------------+-----------+---------------+----------------------+------------------------+------------+---------------------------------------------------+
; Multiplexer Inputs ; Bus Width ; Baseline Area ; Area if Restructured ; Saving if Restructured ; Registered ; Example Multiplexer Output                        ;
+--------------------+-----------+---------------+----------------------+------------------------+------------+---------------------------------------------------+
; 3:1                ; 16 bits   ; 32 LEs        ; 16 LEs               ; 16 LEs                 ; Yes        ; |Test|Uart:Top|GeneradorBaudios:Baud|Contador[12] ;
; 5:1                ; 7 bits    ; 21 LEs        ; 14 LEs               ; 7 LEs                  ; Yes        ; |Test|Uart:Top|UartTx:Transmission|Data[2]        ;
; 7:1                ; 7 bits    ; 28 LEs        ; 7 LEs                ; 21 LEs                 ; Yes        ; |Test|Uart:Top|UartRx:Receive|RxData[6]           ;
; 7:1                ; 2 bits    ; 8 LEs         ; 6 LEs                ; 2 LEs                  ; No         ; |Test|Uart:Top|UartTx:Transmission|Status         ;
; 9:1                ; 4 bits    ; 24 LEs        ; 16 LEs               ; 8 LEs                  ; No         ; |Test|Uart:Top|UartRx:Receive|Status              ;
; 9:1                ; 2 bits    ; 12 LEs        ; 8 LEs                ; 4 LEs                  ; No         ; |Test|Uart:Top|UartTx:Transmission|Status         ;
+--------------------+-----------+---------------+----------------------+------------------------+------------+---------------------------------------------------+


+---------------------------------------------------+
; Port Connectivity Checks: "Uart:Top"              ;
+-----------------+-------+----------+--------------+
; Port            ; Type  ; Severity ; Details      ;
+-----------------+-------+----------+--------------+
; Baudios[2..1]   ; Input ; Info     ; Stuck at VCC ;
; Baudios[15..11] ; Input ; Info     ; Stuck at GND ;
; Baudios[7..5]   ; Input ; Info     ; Stuck at GND ;
; Baudios[10]     ; Input ; Info     ; Stuck at VCC ;
; Baudios[9]      ; Input ; Info     ; Stuck at GND ;
; Baudios[8]      ; Input ; Info     ; Stuck at VCC ;
; Baudios[4]      ; Input ; Info     ; Stuck at VCC ;
; Baudios[3]      ; Input ; Info     ; Stuck at GND ;
; Baudios[0]      ; Input ; Info     ; Stuck at GND ;
+-----------------+-------+----------+--------------+


+-----------------------------------------------------+
; Post-Synthesis Netlist Statistics for Top Partition ;
+-----------------------+-----------------------------+
; Type                  ; Count                       ;
+-----------------------+-----------------------------+
; boundary_port         ; 4                           ;
; cycloneiii_ff         ; 114                         ;
;     ENA               ; 15                          ;
;     ENA SCLR          ; 7                           ;
;     SCLR              ; 31                          ;
;     SLD               ; 1                           ;
;     plain             ; 60                          ;
; cycloneiii_lcell_comb ; 176                         ;
;     arith             ; 71                          ;
;         2 data inputs ; 57                          ;
;         3 data inputs ; 14                          ;
;     normal            ; 105                         ;
;         1 data inputs ; 5                           ;
;         2 data inputs ; 13                          ;
;         3 data inputs ; 32                          ;
;         4 data inputs ; 55                          ;
;                       ;                             ;
; Max LUT depth         ; 8.30                        ;
; Average LUT depth     ; 4.80                        ;
+-----------------------+-----------------------------+


+-------------------------------+
; Elapsed Time Per Partition    ;
+----------------+--------------+
; Partition Name ; Elapsed Time ;
+----------------+--------------+
; Top            ; 00:00:00     ;
+----------------+--------------+


+-------------------------------+
; Analysis & Synthesis Messages ;
+-------------------------------+
Info: *******************************************************************
Info: Running Quartus Prime Analysis & Synthesis
    Info: Version 20.1.1 Build 720 11/11/2020 SJ Lite Edition
    Info: Processing started: Fri Jul 23 20:05:00 2021
Info: Command: quartus_map --read_settings_files=on --write_settings_files=off UartT -c UartT
Warning (18236): Number of processors has not been specified which may cause overloading on shared machines.  Set the global assignment NUM_PARALLEL_PROCESSORS in your QSF to an appropriate value for best performance.
Info (20030): Parallel compilation is enabled and will use 16 of the 16 processors detected
Info (12021): Found 1 design units, including 1 entities, in source file GeneradorBaudios.v
    Info (12023): Found entity 1: GeneradorBaudios File: /home/oyuky/Grupo-5-proyecto/Hardware/Uart/Quartus/GeneradorBaudios.v Line: 1
Info (12021): Found 1 design units, including 1 entities, in source file Uart.v
    Info (12023): Found entity 1: Uart File: /home/oyuky/Grupo-5-proyecto/Hardware/Uart/Quartus/Uart.v Line: 1
Info (12021): Found 1 design units, including 1 entities, in source file UartTx.v
    Info (12023): Found entity 1: UartTx File: /home/oyuky/Grupo-5-proyecto/Hardware/Uart/Quartus/UartTx.v Line: 1
Info (12021): Found 1 design units, including 1 entities, in source file UartRx.v
    Info (12023): Found entity 1: UartRx File: /home/oyuky/Grupo-5-proyecto/Hardware/Uart/Quartus/UartRx.v Line: 1
Info (12021): Found 1 design units, including 1 entities, in source file Test.v
    Info (12023): Found entity 1: Test File: /home/oyuky/Grupo-5-proyecto/Hardware/Uart/Quartus/Test.v Line: 1
Info (12127): Elaborating entity "Test" for the top level hierarchy
Info (12128): Elaborating entity "Uart" for hierarchy "Uart:Top" File: /home/oyuky/Grupo-5-proyecto/Hardware/Uart/Quartus/Test.v Line: 23
Info (12128): Elaborating entity "UartTx" for hierarchy "Uart:Top|UartTx:Transmission" File: /home/oyuky/Grupo-5-proyecto/Hardware/Uart/Quartus/Uart.v Line: 17
Info (12128): Elaborating entity "UartRx" for hierarchy "Uart:Top|UartRx:Receive" File: /home/oyuky/Grupo-5-proyecto/Hardware/Uart/Quartus/Uart.v Line: 18
Info (12128): Elaborating entity "GeneradorBaudios" for hierarchy "Uart:Top|GeneradorBaudios:Baud" File: /home/oyuky/Grupo-5-proyecto/Hardware/Uart/Quartus/Uart.v Line: 19
Warning (19016): Clock multiplexers are found and protected
    Warning (19017): Found clock multiplexer Uart:Top|UartRx:Receive|VarClock File: /home/oyuky/Grupo-5-proyecto/Hardware/Uart/Quartus/UartRx.v Line: 12
    Warning (19017): Found clock multiplexer Uart:Top|UartTx:Transmission|VarClock File: /home/oyuky/Grupo-5-proyecto/Hardware/Uart/Quartus/UartTx.v Line: 13
Info (286030): Timing-Driven Synthesis is running
Info (17049): 4 registers lost all their fanouts during netlist optimizations.
Info (16010): Generating hard_block partition "hard_block:auto_generated_inst"
    Info (16011): Adding 0 node(s), including 0 DDIO, 0 PLL, 0 transceiver and 0 LCELL
Info (21057): Implemented 180 device resources after synthesis - the final resource count might be different
    Info (21058): Implemented 3 input pins
    Info (21059): Implemented 1 output pins
    Info (21061): Implemented 176 logic cells
Info: Quartus Prime Analysis & Synthesis was successful. 0 errors, 4 warnings
    Info: Peak virtual memory: 475 megabytes
    Info: Processing ended: Fri Jul 23 20:05:05 2021
    Info: Elapsed time: 00:00:05
    Info: Total CPU time (on all processors): 00:00:14


